
> course-booking-platform@0.1.0 dev
> next dev

   ▲ Next.js 16.0.3 (Turbopack)
   - Local:         http://localhost:3000
   - Network:       http://192.168.1.102:3000
   - Environments: .env.local

 ✓ Starting...
Creating turbopack project {
  dir: 'D:\\Course-Booking-Platform-final\\Course-Booking-Platform-final',
  testMode: true
}
 ✓ Ready in 1182ms
 ○ Compiling /institute/staff ...
 GET /institute/staff 200 in 5.7s (compile: 5.4s, render: 317ms)
 GET /institute/staff 200 in 62ms (compile: 5ms, render: 57ms)
 ✓ Compiled in 441ms
 ✓ Compiled in 427ms
 ✓ Compiled in 358ms
 ✓ Compiled in 440ms
 GET /institute/halls 200 in 1097ms (compile: 1059ms, render: 38ms)
 ✓ Compiled in 510ms
 ✓ Compiled in 446ms
 ✓ Compiled in 361ms
 ✓ Compiled in 370ms
 GET /institute/halls 200 in 541ms (compile: 250ms, render: 290ms)
 ✓ Compiled in 1140ms
 ✓ Compiled in 459ms
 ✓ Compiled in 863ms
 GET /institute/halls 200 in 1003ms (compile: 499ms, render: 504ms)
 ✓ Compiled in 544ms
 ✓ Compiled in 380ms
 GET /institute/enrollments 200 in 1574ms (compile: 1535ms, render: 38ms)
 GET /institute/halls 200 in 165ms (compile: 130ms, render: 36ms)
 GET /institute/staff 200 in 141ms (compile: 116ms, render: 25ms)
 GET /institute/students 200 in 621ms (compile: 592ms, render: 29ms)
 GET /institute/courses 200 in 1400ms (compile: 1368ms, render: 32ms)
 GET / 200 in 769ms (compile: 747ms, render: 23ms)
 GET /auth/login 200 in 614ms (compile: 587ms, render: 27ms)
 GET /student/dashboard 200 in 500ms (compile: 476ms, render: 23ms)
 GET /student/courses 200 in 376ms (compile: 352ms, render: 25ms)
 GET /student/explore/course/2aaaffcb-f291-45e2-a94f-8c00f1c485f1 200 in 3.3s (compile: 3.2s, render: 38ms)
 GET /institute/dashboard 200 in 800ms (compile: 501ms, render: 299ms)
 GET /institute/students 200 in 27ms (compile: 5ms, render: 22ms)
 GET / 200 in 28ms (compile: 6ms, render: 23ms)
 GET /auth/login 200 in 19ms (compile: 3ms, render: 16ms)
 GET /institute/dashboard 200 in 26ms (compile: 5ms, render: 21ms)
 GET /institute/enrollments 200 in 36ms (compile: 6ms, render: 30ms)
 ✓ Compiled in 384ms
 GET /institute/enrollments 200 in 352ms (compile: 122ms, render: 229ms)
 GET /institute/students 200 in 48ms (compile: 17ms, render: 31ms)
 GET / 200 in 38ms (compile: 20ms, render: 18ms)
 GET /auth/login 200 in 37ms (compile: 16ms, render: 22ms)
 GET /trainer/dashboard 200 in 2.1s (compile: 2.0s, render: 35ms)
 GET /trainer/enrollments 200 in 541ms (compile: 499ms, render: 42ms)
 GET /trainer/students 200 in 516ms (compile: 491ms, render: 25ms)
 GET /trainer/courses/c60a99f0-6e1e-4be2-9b03-92f8a2129f4e/students 200 in 1271ms (compile: 1238ms, render: 33ms)
 GET /trainer/courses 200 in 469ms (compile: 446ms, render: 24ms)
 GET /trainer/students 200 in 37ms (compile: 14ms, render: 24ms)
 GET /trainer/courses/c60a99f0-6e1e-4be2-9b03-92f8a2129f4e/students 200 in 43ms (compile: 17ms, render: 25ms)
 GET /trainer/courses/c60a99f0-6e1e-4be2-9b03-92f8a2129f4e 200 in 909ms (compile: 885ms, render: 24ms)
 GET /trainer/courses 200 in 18ms (compile: 4ms, render: 14ms)
 GET /trainer/courses/f76b6323-c152-4b17-a4ce-fbae7efb5837/students 200 in 42ms (compile: 12ms, render: 30ms)
 GET /trainer/students 200 in 511ms (compile: 233ms, render: 278ms)
 ✓ Compiled in 2.4s
 GET /trainer/students 200 in 1924ms (compile: 696ms, render: 1228ms)
 GET /student/explore/course/2aaaffcb-f291-45e2-a94f-8c00f1c485f1 200 in 366ms (compile: 312ms, render: 54ms)
 GET /trainer/students 200 in 29ms (compile: 5ms, render: 24ms)
 GET /trainer/students 200 in 29ms (compile: 5ms, render: 24ms)
 GET /trainer/students 200 in 30ms (compile: 5ms, render: 25ms)
 GET /trainer/students 200 in 36ms (compile: 5ms, render: 31ms)
 GET /trainer/students 200 in 40ms (compile: 6ms, render: 34ms)
 GET /trainer/students 200 in 54ms (compile: 5ms, render: 50ms)
 GET /trainer/students 200 in 92ms (compile: 5ms, render: 87ms)
 GET /student/explore/course/2aaaffcb-f291-45e2-a94f-8c00f1c485f1 200 in 55ms (compile: 4ms, render: 50ms)
 GET /trainer/students 200 in 45ms (compile: 6ms, render: 39ms)
 GET /student/explore/course/2aaaffcb-f291-45e2-a94f-8c00f1c485f1 200 in 103ms (compile: 10ms, render: 93ms)
 GET /trainer/students 200 in 45ms (compile: 6ms, render: 39ms)
 GET /trainer/students 200 in 91ms (compile: 5ms, render: 86ms)
 GET /student/explore/course/2aaaffcb-f291-45e2-a94f-8c00f1c485f1 200 in 51ms (compile: 17ms, render: 34ms)
 GET /trainer/students 200 in 65ms (compile: 5ms, render: 59ms)
 GET /student/explore/course/2aaaffcb-f291-45e2-a94f-8c00f1c485f1 200 in 40ms (compile: 5ms, render: 35ms)
 GET /trainer/students 200 in 98ms (compile: 7ms, render: 91ms)
 GET /student/explore/course/2aaaffcb-f291-45e2-a94f-8c00f1c485f1 200 in 48ms (compile: 7ms, render: 41ms)
 GET /trainer/students 200 in 109ms (compile: 6ms, render: 103ms)
 GET /student/explore/course/2aaaffcb-f291-45e2-a94f-8c00f1c485f1 200 in 107ms (compile: 6ms, render: 101ms)
 GET /trainer/students 200 in 50ms (compile: 7ms, render: 43ms)
 GET /student/explore/course/2aaaffcb-f291-45e2-a94f-8c00f1c485f1 200 in 72ms (compile: 8ms, render: 64ms)
 GET /trainer/students 200 in 36ms (compile: 5ms, render: 31ms)
 GET /trainer/students 200 in 109ms (compile: 5ms, render: 104ms)
 GET /student/explore/course/2aaaffcb-f291-45e2-a94f-8c00f1c485f1 200 in 79ms (compile: 4ms, render: 75ms)
 GET /trainer/students 200 in 77ms (compile: 5ms, render: 72ms)
 GET /student/explore/course/2aaaffcb-f291-45e2-a94f-8c00f1c485f1 200 in 49ms (compile: 9ms, render: 40ms)
 GET /trainer/students 200 in 83ms (compile: 5ms, render: 78ms)
 GET /student/explore/course/2aaaffcb-f291-45e2-a94f-8c00f1c485f1 200 in 60ms (compile: 4ms, render: 56ms)
 GET /trainer/students 200 in 79ms (compile: 5ms, render: 74ms)
 GET /student/explore/course/2aaaffcb-f291-45e2-a94f-8c00f1c485f1 200 in 46ms (compile: 5ms, render: 41ms)
 GET /trainer/students 200 in 84ms (compile: 7ms, render: 76ms)
 GET /student/explore/course/2aaaffcb-f291-45e2-a94f-8c00f1c485f1 200 in 54ms (compile: 5ms, render: 49ms)
 GET /trainer/students 200 in 79ms (compile: 6ms, render: 73ms)
 GET /student/explore/course/2aaaffcb-f291-45e2-a94f-8c00f1c485f1 200 in 43ms (compile: 5ms, render: 37ms)
 GET /trainer/students 200 in 97ms (compile: 6ms, render: 91ms)
 GET /student/explore/course/2aaaffcb-f291-45e2-a94f-8c00f1c485f1 200 in 64ms (compile: 6ms, render: 57ms)
 GET /trainer/students 200 in 96ms (compile: 7ms, render: 88ms)
 GET /student/explore/course/2aaaffcb-f291-45e2-a94f-8c00f1c485f1 200 in 58ms (compile: 6ms, render: 51ms)
 GET /trainer/students 200 in 90ms (compile: 6ms, render: 83ms)
 GET /student/explore/course/2aaaffcb-f291-45e2-a94f-8c00f1c485f1 200 in 47ms (compile: 5ms, render: 43ms)
 GET /trainer/students 200 in 75ms (compile: 5ms, render: 70ms)
 GET /student/explore/course/2aaaffcb-f291-45e2-a94f-8c00f1c485f1 200 in 36ms (compile: 6ms, render: 29ms)
 GET /trainer/students 200 in 69ms (compile: 4ms, render: 65ms)
 GET /student/explore/course/2aaaffcb-f291-45e2-a94f-8c00f1c485f1 200 in 42ms (compile: 4ms, render: 38ms)
 GET /trainer/students 200 in 62ms (compile: 4ms, render: 58ms)
 GET /student/explore/course/2aaaffcb-f291-45e2-a94f-8c00f1c485f1 200 in 39ms (compile: 14ms, render: 26ms)
 GET /trainer/students 200 in 67ms (compile: 5ms, render: 63ms)
 GET /student/explore/course/2aaaffcb-f291-45e2-a94f-8c00f1c485f1 200 in 39ms (compile: 5ms, render: 34ms)
 GET /trainer/students 200 in 70ms (compile: 4ms, render: 66ms)
 GET /student/explore/course/2aaaffcb-f291-45e2-a94f-8c00f1c485f1 200 in 41ms (compile: 4ms, render: 36ms)
 GET /trainer/students 200 in 73ms (compile: 7ms, render: 67ms)
 GET /student/explore/course/2aaaffcb-f291-45e2-a94f-8c00f1c485f1 200 in 86ms (compile: 9ms, render: 76ms)
 GET /trainer/students 200 in 33ms (compile: 5ms, render: 28ms)
 GET /trainer/students 200 in 64ms (compile: 5ms, render: 59ms)
 GET /student/explore/course/2aaaffcb-f291-45e2-a94f-8c00f1c485f1 200 in 33ms (compile: 4ms, render: 30ms)
 GET /trainer/students 200 in 63ms (compile: 5ms, render: 59ms)
 GET /student/explore/course/2aaaffcb-f291-45e2-a94f-8c00f1c485f1 200 in 27ms (compile: 4ms, render: 23ms)
 GET /trainer/students 200 in 50ms (compile: 5ms, render: 45ms)
 GET /student/explore/course/2aaaffcb-f291-45e2-a94f-8c00f1c485f1 200 in 27ms (compile: 6ms, render: 21ms)
 GET /trainer/students 200 in 58ms (compile: 5ms, render: 53ms)
 GET /student/explore/course/2aaaffcb-f291-45e2-a94f-8c00f1c485f1 200 in 30ms (compile: 3ms, render: 27ms)
 GET /trainer/students 200 in 52ms (compile: 4ms, render: 48ms)
 GET /student/explore/course/2aaaffcb-f291-45e2-a94f-8c00f1c485f1 200 in 27ms (compile: 3ms, render: 23ms)
 GET /trainer/students 200 in 147ms (compile: 5ms, render: 142ms)
 GET /student/explore/course/2aaaffcb-f291-45e2-a94f-8c00f1c485f1 200 in 136ms (compile: 22ms, render: 114ms)
 GET /trainer/students 200 in 26ms (compile: 3ms, render: 22ms)
 GET /student/explore/course/2aaaffcb-f291-45e2-a94f-8c00f1c485f1 200 in 44ms (compile: 4ms, render: 39ms)
 GET /trainer/students 200 in 46ms (compile: 24ms, render: 22ms)
 GET /trainer/students 200 in 55ms (compile: 4ms, render: 52ms)
 GET /student/explore/course/2aaaffcb-f291-45e2-a94f-8c00f1c485f1 200 in 34ms (compile: 4ms, render: 30ms)
 GET /trainer/students 200 in 50ms (compile: 5ms, render: 45ms)
 GET /student/explore/course/2aaaffcb-f291-45e2-a94f-8c00f1c485f1 200 in 23ms (compile: 4ms, render: 20ms)
 GET /trainer/students 200 in 63ms (compile: 4ms, render: 59ms)
 GET /student/explore/course/2aaaffcb-f291-45e2-a94f-8c00f1c485f1 200 in 41ms (compile: 4ms, render: 37ms)
 GET /trainer/students 200 in 52ms (compile: 4ms, render: 48ms)
 GET /student/explore/course/2aaaffcb-f291-45e2-a94f-8c00f1c485f1 200 in 29ms (compile: 4ms, render: 25ms)
 GET /trainer/students 200 in 30ms (compile: 5ms, render: 26ms)
 GET /student/explore/course/2aaaffcb-f291-45e2-a94f-8c00f1c485f1 200 in 61ms (compile: 6ms, render: 55ms)
 GET /trainer/students 200 in 23ms (compile: 4ms, render: 20ms)
 GET /student/explore/course/2aaaffcb-f291-45e2-a94f-8c00f1c485f1 200 in 47ms (compile: 4ms, render: 43ms)
 GET /trainer/students 200 in 26ms (compile: 4ms, render: 22ms)
 GET /student/explore/course/2aaaffcb-f291-45e2-a94f-8c00f1c485f1 200 in 69ms (compile: 4ms, render: 65ms)
 GET /trainer/students 200 in 36ms (compile: 6ms, render: 30ms)
 GET /trainer/students 200 in 61ms (compile: 5ms, render: 56ms)
 GET /student/explore/course/2aaaffcb-f291-45e2-a94f-8c00f1c485f1 200 in 38ms (compile: 8ms, render: 30ms)
 GET /trainer/students 200 in 50ms (compile: 4ms, render: 46ms)
 GET /student/explore/course/2aaaffcb-f291-45e2-a94f-8c00f1c485f1 200 in 25ms (compile: 3ms, render: 22ms)
 GET /trainer/students 200 in 53ms (compile: 3ms, render: 50ms)
 GET /student/explore/course/2aaaffcb-f291-45e2-a94f-8c00f1c485f1 200 in 31ms (compile: 3ms, render: 27ms)
 GET /trainer/students 200 in 52ms (compile: 3ms, render: 49ms)
 GET /student/explore/course/2aaaffcb-f291-45e2-a94f-8c00f1c485f1 200 in 29ms (compile: 3ms, render: 26ms)
 GET /trainer/students 200 in 49ms (compile: 4ms, render: 45ms)
 GET /student/explore/course/2aaaffcb-f291-45e2-a94f-8c00f1c485f1 200 in 30ms (compile: 3ms, render: 28ms)
 GET /trainer/students 200 in 71ms (compile: 3ms, render: 68ms)
 GET /student/explore/course/2aaaffcb-f291-45e2-a94f-8c00f1c485f1 200 in 30ms (compile: 4ms, render: 26ms)
 GET /trainer/students 200 in 45ms (compile: 4ms, render: 41ms)
 GET /student/explore/course/2aaaffcb-f291-45e2-a94f-8c00f1c485f1 200 in 26ms (compile: 4ms, render: 22ms)
 GET /trainer/students 200 in 73ms (compile: 3ms, render: 70ms)
 GET /student/explore/course/2aaaffcb-f291-45e2-a94f-8c00f1c485f1 200 in 65ms (compile: 6ms, render: 59ms)
 GET /trainer/students 200 in 25ms (compile: 4ms, render: 20ms)
 GET /trainer/students 200 in 72ms (compile: 5ms, render: 67ms)
 GET /student/explore/course/2aaaffcb-f291-45e2-a94f-8c00f1c485f1 200 in 43ms (compile: 7ms, render: 36ms)
 GET /trainer/students 200 in 55ms (compile: 3ms, render: 52ms)
 GET /student/explore/course/2aaaffcb-f291-45e2-a94f-8c00f1c485f1 200 in 31ms (compile: 5ms, render: 27ms)
 GET /trainer/students 200 in 84ms (compile: 4ms, render: 79ms)
 GET /student/explore/course/2aaaffcb-f291-45e2-a94f-8c00f1c485f1 200 in 55ms (compile: 11ms, render: 44ms)
 GET /trainer/students 200 in 61ms (compile: 4ms, render: 57ms)
 GET /student/explore/course/2aaaffcb-f291-45e2-a94f-8c00f1c485f1 200 in 28ms (compile: 4ms, render: 24ms)
 GET /trainer/students 200 in 58ms (compile: 3ms, render: 55ms)
 GET /student/explore/course/2aaaffcb-f291-45e2-a94f-8c00f1c485f1 200 in 38ms (compile: 4ms, render: 34ms)
 GET /trainer/students 200 in 47ms (compile: 4ms, render: 43ms)
 GET /student/explore/course/2aaaffcb-f291-45e2-a94f-8c00f1c485f1 200 in 25ms (compile: 3ms, render: 22ms)
 GET /trainer/students 200 in 66ms (compile: 4ms, render: 62ms)
 GET /student/explore/course/2aaaffcb-f291-45e2-a94f-8c00f1c485f1 200 in 40ms (compile: 4ms, render: 36ms)
 GET /trainer/students 200 in 51ms (compile: 4ms, render: 47ms)
 GET /student/explore/course/2aaaffcb-f291-45e2-a94f-8c00f1c485f1 200 in 32ms (compile: 3ms, render: 29ms)
 GET /trainer/students 200 in 66ms (compile: 6ms, render: 60ms)
 GET /student/explore/course/2aaaffcb-f291-45e2-a94f-8c00f1c485f1 200 in 85ms (compile: 4ms, render: 81ms)
 GET /trainer/students 200 in 80ms (compile: 4ms, render: 76ms)
 GET /student/explore/course/2aaaffcb-f291-45e2-a94f-8c00f1c485f1 200 in 78ms (compile: 4ms, render: 75ms)
 GET /trainer/students 200 in 113ms (compile: 4ms, render: 109ms)
 GET /student/explore/course/2aaaffcb-f291-45e2-a94f-8c00f1c485f1 200 in 103ms (compile: 22ms, render: 82ms)
 GET /trainer/students 200 in 83ms (compile: 33ms, render: 50ms)
 GET /trainer/students 200 in 71ms (compile: 51ms, render: 19ms)
 GET /student/explore/course/2aaaffcb-f291-45e2-a94f-8c00f1c485f1 200 in 99ms (compile: 4ms, render: 95ms)
 GET /trainer/students 200 in 60ms (compile: 4ms, render: 57ms)
 GET /student/explore/course/2aaaffcb-f291-45e2-a94f-8c00f1c485f1 200 in 84ms (compile: 4ms, render: 80ms)
 GET /trainer/students 200 in 86ms (compile: 4ms, render: 82ms)
 GET /student/explore/course/2aaaffcb-f291-45e2-a94f-8c00f1c485f1 200 in 49ms (compile: 3ms, render: 45ms)
 GET /trainer/students 200 in 69ms (compile: 5ms, render: 64ms)
 GET /student/explore/course/2aaaffcb-f291-45e2-a94f-8c00f1c485f1 200 in 131ms (compile: 10ms, render: 121ms)
 GET /trainer/students 200 in 102ms (compile: 50ms, render: 51ms)
 GET /trainer/students 200 in 48ms (compile: 3ms, render: 44ms)
 GET /student/explore/course/2aaaffcb-f291-45e2-a94f-8c00f1c485f1 200 in 73ms (compile: 21ms, render: 52ms)
 GET /trainer/students 200 in 50ms (compile: 4ms, render: 46ms)
 GET /student/explore/course/2aaaffcb-f291-45e2-a94f-8c00f1c485f1 200 in 63ms (compile: 3ms, render: 60ms)
 GET /trainer/students 200 in 211ms (compile: 50ms, render: 161ms)
 GET /student/explore/course/2aaaffcb-f291-45e2-a94f-8c00f1c485f1 200 in 141ms (compile: 4ms, render: 137ms)
 GET /trainer/students 200 in 106ms (compile: 66ms, render: 40ms)
 GET /trainer/students 200 in 46ms (compile: 3ms, render: 43ms)
 GET /student/explore/course/2aaaffcb-f291-45e2-a94f-8c00f1c485f1 200 in 78ms (compile: 24ms, render: 54ms)
 GET /trainer/students 200 in 53ms (compile: 4ms, render: 49ms)
 GET /student/explore/course/2aaaffcb-f291-45e2-a94f-8c00f1c485f1 200 in 87ms (compile: 3ms, render: 84ms)
 GET /trainer/students 200 in 83ms (compile: 4ms, render: 79ms)
 GET /student/explore/course/2aaaffcb-f291-45e2-a94f-8c00f1c485f1 200 in 81ms (compile: 4ms, render: 77ms)
 GET /trainer/students 200 in 73ms (compile: 4ms, render: 69ms)
 GET /student/explore/course/2aaaffcb-f291-45e2-a94f-8c00f1c485f1 200 in 75ms (compile: 3ms, render: 72ms)
 GET /trainer/students 200 in 59ms (compile: 3ms, render: 56ms)
 GET /student/explore/course/2aaaffcb-f291-45e2-a94f-8c00f1c485f1 200 in 46ms (compile: 4ms, render: 42ms)
 GET /trainer/students 200 in 50ms (compile: 4ms, render: 47ms)
 GET /student/explore/course/2aaaffcb-f291-45e2-a94f-8c00f1c485f1 200 in 58ms (compile: 10ms, render: 48ms)
 GET /trainer/students 200 in 55ms (compile: 4ms, render: 51ms)
 GET /trainer/students 200 in 61ms (compile: 3ms, render: 58ms)
 GET /student/explore/course/2aaaffcb-f291-45e2-a94f-8c00f1c485f1 200 in 94ms (compile: 3ms, render: 91ms)
 GET /trainer/students 200 in 81ms (compile: 3ms, render: 78ms)
 GET /student/explore/course/2aaaffcb-f291-45e2-a94f-8c00f1c485f1 200 in 89ms (compile: 3ms, render: 86ms)
 GET /trainer/students 200 in 61ms (compile: 4ms, render: 57ms)
 GET /student/explore/course/2aaaffcb-f291-45e2-a94f-8c00f1c485f1 200 in 89ms (compile: 32ms, render: 57ms)
 GET /trainer/students 200 in 58ms (compile: 4ms, render: 54ms)
 GET /student/explore/course/2aaaffcb-f291-45e2-a94f-8c00f1c485f1 200 in 102ms (compile: 34ms, render: 68ms)
 GET /trainer/students 200 in 58ms (compile: 8ms, render: 50ms)
 GET /trainer/students 200 in 72ms (compile: 26ms, render: 46ms)
 GET /student/explore/course/2aaaffcb-f291-45e2-a94f-8c00f1c485f1 200 in 115ms (compile: 4ms, render: 111ms)
 GET /trainer/students 200 in 47ms (compile: 4ms, render: 43ms)
 GET /student/explore/course/2aaaffcb-f291-45e2-a94f-8c00f1c485f1 200 in 53ms (compile: 3ms, render: 50ms)
 GET /trainer/students 200 in 53ms (compile: 3ms, render: 50ms)
 GET /student/explore/course/2aaaffcb-f291-45e2-a94f-8c00f1c485f1 200 in 77ms (compile: 4ms, render: 73ms)
 GET /trainer/students 200 in 84ms (compile: 3ms, render: 81ms)
 GET /trainer/students 200 in 64ms (compile: 4ms, render: 60ms)
 GET /student/explore/course/2aaaffcb-f291-45e2-a94f-8c00f1c485f1 200 in 44ms (compile: 13ms, render: 30ms)
 GET /trainer/students 200 in 52ms (compile: 3ms, render: 49ms)
 GET /student/explore/course/2aaaffcb-f291-45e2-a94f-8c00f1c485f1 200 in 30ms (compile: 3ms, render: 27ms)
 GET /trainer/students 200 in 78ms (compile: 4ms, render: 75ms)
 GET /student/explore/course/2aaaffcb-f291-45e2-a94f-8c00f1c485f1 200 in 64ms (compile: 5ms, render: 59ms)
 GET /trainer/students 200 in 24ms (compile: 4ms, render: 19ms)
 GET /trainer/students 200 in 44ms (compile: 3ms, render: 41ms)
 GET /student/explore/course/2aaaffcb-f291-45e2-a94f-8c00f1c485f1 200 in 25ms (compile: 3ms, render: 22ms)
 GET /trainer/students 200 in 61ms (compile: 4ms, render: 58ms)
 GET /student/explore/course/2aaaffcb-f291-45e2-a94f-8c00f1c485f1 200 in 52ms (compile: 5ms, render: 47ms)
 GET /trainer/students 200 in 24ms (compile: 3ms, render: 21ms)
 GET /trainer/students 200 in 47ms (compile: 2ms, render: 45ms)
 GET /student/explore/course/2aaaffcb-f291-45e2-a94f-8c00f1c485f1 200 in 30ms (compile: 3ms, render: 27ms)
 GET /trainer/students 200 in 51ms (compile: 3ms, render: 47ms)
 GET /student/explore/course/2aaaffcb-f291-45e2-a94f-8c00f1c485f1 200 in 30ms (compile: 4ms, render: 27ms)
 GET /trainer/students 200 in 68ms (compile: 3ms, render: 65ms)
 GET /student/explore/course/2aaaffcb-f291-45e2-a94f-8c00f1c485f1 200 in 66ms (compile: 5ms, render: 61ms)
 GET /trainer/students 200 in 26ms (compile: 5ms, render: 21ms)
 GET /trainer/students 200 in 54ms (compile: 3ms, render: 51ms)
 GET /student/explore/course/2aaaffcb-f291-45e2-a94f-8c00f1c485f1 200 in 32ms (compile: 4ms, render: 27ms)
 GET /trainer/students 200 in 61ms (compile: 6ms, render: 54ms)
 GET /student/explore/course/2aaaffcb-f291-45e2-a94f-8c00f1c485f1 200 in 34ms (compile: 10ms, render: 24ms)
 GET /trainer/students 200 in 63ms (compile: 5ms, render: 58ms)
 GET /student/explore/course/2aaaffcb-f291-45e2-a94f-8c00f1c485f1 200 in 32ms (compile: 5ms, render: 27ms)
 GET /trainer/students 200 in 62ms (compile: 4ms, render: 57ms)
 GET /student/explore/course/2aaaffcb-f291-45e2-a94f-8c00f1c485f1 200 in 32ms (compile: 5ms, render: 27ms)
 GET /trainer/students 200 in 58ms (compile: 5ms, render: 52ms)
 GET /student/explore/course/2aaaffcb-f291-45e2-a94f-8c00f1c485f1 200 in 33ms (compile: 3ms, render: 30ms)
 GET /trainer/students 200 in 62ms (compile: 5ms, render: 58ms)
 GET /student/explore/course/2aaaffcb-f291-45e2-a94f-8c00f1c485f1 200 in 33ms (compile: 4ms, render: 29ms)
 GET /trainer/students 200 in 48ms (compile: 5ms, render: 43ms)
 GET /student/explore/course/2aaaffcb-f291-45e2-a94f-8c00f1c485f1 200 in 24ms (compile: 3ms, render: 22ms)
 GET /trainer/students 200 in 62ms (compile: 3ms, render: 58ms)
 GET /student/explore/course/2aaaffcb-f291-45e2-a94f-8c00f1c485f1 200 in 32ms (compile: 5ms, render: 28ms)
 GET /trainer/students 200 in 59ms (compile: 4ms, render: 56ms)
 GET /student/explore/course/2aaaffcb-f291-45e2-a94f-8c00f1c485f1 200 in 65ms (compile: 5ms, render: 60ms)
 GET /trainer/students 200 in 37ms (compile: 5ms, render: 32ms)
 GET /trainer/students 200 in 51ms (compile: 3ms, render: 48ms)
 GET /student/explore/course/2aaaffcb-f291-45e2-a94f-8c00f1c485f1 200 in 31ms (compile: 3ms, render: 28ms)
 GET /trainer/students 200 in 55ms (compile: 3ms, render: 52ms)
 GET /student/explore/course/2aaaffcb-f291-45e2-a94f-8c00f1c485f1 200 in 35ms (compile: 3ms, render: 32ms)
 GET /trainer/students 200 in 58ms (compile: 6ms, render: 52ms)
 GET /student/explore/course/2aaaffcb-f291-45e2-a94f-8c00f1c485f1 200 in 35ms (compile: 9ms, render: 25ms)
 GET /trainer/students 200 in 54ms (compile: 5ms, render: 49ms)
 GET /student/explore/course/2aaaffcb-f291-45e2-a94f-8c00f1c485f1 200 in 33ms (compile: 3ms, render: 30ms)
 GET /trainer/students 200 in 56ms (compile: 3ms, render: 53ms)
 GET /student/explore/course/2aaaffcb-f291-45e2-a94f-8c00f1c485f1 200 in 27ms (compile: 3ms, render: 24ms)
 GET /trainer/students 200 in 63ms (compile: 5ms, render: 58ms)
 GET /student/explore/course/2aaaffcb-f291-45e2-a94f-8c00f1c485f1 200 in 41ms (compile: 3ms, render: 38ms)
 GET /trainer/students 200 in 56ms (compile: 3ms, render: 53ms)
 GET /student/explore/course/2aaaffcb-f291-45e2-a94f-8c00f1c485f1 200 in 62ms (compile: 4ms, render: 58ms)
 GET /trainer/students 200 in 32ms (compile: 6ms, render: 26ms)
 GET /trainer/students 200 in 54ms (compile: 4ms, render: 50ms)
 GET /student/explore/course/2aaaffcb-f291-45e2-a94f-8c00f1c485f1 200 in 28ms (compile: 4ms, render: 24ms)
 GET /trainer/students 200 in 49ms (compile: 3ms, render: 46ms)
 GET /student/explore/course/2aaaffcb-f291-45e2-a94f-8c00f1c485f1 200 in 29ms (compile: 3ms, render: 25ms)
 GET /trainer/students 200 in 60ms (compile: 3ms, render: 56ms)
 GET /student/explore/course/2aaaffcb-f291-45e2-a94f-8c00f1c485f1 200 in 32ms (compile: 3ms, render: 28ms)
 GET /trainer/students 200 in 51ms (compile: 4ms, render: 47ms)
 GET /student/explore/course/2aaaffcb-f291-45e2-a94f-8c00f1c485f1 200 in 55ms (compile: 4ms, render: 51ms)
 GET /trainer/students 200 in 30ms (compile: 3ms, render: 26ms)
 GET /trainer/students 200 in 53ms (compile: 3ms, render: 49ms)
 GET /student/explore/course/2aaaffcb-f291-45e2-a94f-8c00f1c485f1 200 in 55ms (compile: 10ms, render: 44ms)
 GET /trainer/students 200 in 23ms (compile: 5ms, render: 18ms)
 GET /trainer/students 200 in 57ms (compile: 4ms, render: 53ms)
 GET /student/explore/course/2aaaffcb-f291-45e2-a94f-8c00f1c485f1 200 in 58ms (compile: 26ms, render: 32ms)
 GET /student/explore/course/2aaaffcb-f291-45e2-a94f-8c00f1c485f1 200 in 53ms (compile: 4ms, render: 49ms)
 GET /trainer/students 200 in 30ms (compile: 3ms, render: 26ms)
 GET /student/explore/course/2aaaffcb-f291-45e2-a94f-8c00f1c485f1 200 in 38ms (compile: 4ms, render: 34ms)
 GET /student/explore/course/2aaaffcb-f291-45e2-a94f-8c00f1c485f1 200 in 31ms (compile: 4ms, render: 27ms)
 GET /student/explore/course/2aaaffcb-f291-45e2-a94f-8c00f1c485f1 200 in 32ms (compile: 4ms, render: 28ms)
 GET /student/explore/course/2aaaffcb-f291-45e2-a94f-8c00f1c485f1 200 in 25ms (compile: 3ms, render: 21ms)
 GET /student/explore/course/2aaaffcb-f291-45e2-a94f-8c00f1c485f1 200 in 31ms (compile: 2ms, render: 28ms)
 GET /student/explore/course/2aaaffcb-f291-45e2-a94f-8c00f1c485f1 200 in 26ms (compile: 3ms, render: 24ms)
 GET /student/explore/course/2aaaffcb-f291-45e2-a94f-8c00f1c485f1 200 in 31ms (compile: 4ms, render: 27ms)
 GET /student/explore/course/2aaaffcb-f291-45e2-a94f-8c00f1c485f1 200 in 21ms (compile: 3ms, render: 19ms)
 GET /student/explore/course/2aaaffcb-f291-45e2-a94f-8c00f1c485f1 200 in 29ms (compile: 8ms, render: 21ms)
 GET /student/explore/course/2aaaffcb-f291-45e2-a94f-8c00f1c485f1 200 in 25ms (compile: 3ms, render: 22ms)
 GET /student/explore/course/2aaaffcb-f291-45e2-a94f-8c00f1c485f1 200 in 23ms (compile: 3ms, render: 20ms)
 GET /student/explore/course/2aaaffcb-f291-45e2-a94f-8c00f1c485f1 200 in 37ms (compile: 3ms, render: 34ms)
 GET /student/explore/course/2aaaffcb-f291-45e2-a94f-8c00f1c485f1 200 in 26ms (compile: 3ms, render: 23ms)
 GET /student/explore/course/2aaaffcb-f291-45e2-a94f-8c00f1c485f1 200 in 33ms (compile: 4ms, render: 29ms)
 GET /student/explore/course/2aaaffcb-f291-45e2-a94f-8c00f1c485f1 200 in 24ms (compile: 3ms, render: 21ms)
 GET /student/explore/course/2aaaffcb-f291-45e2-a94f-8c00f1c485f1 200 in 30ms (compile: 9ms, render: 21ms)
 GET /student/explore/course/2aaaffcb-f291-45e2-a94f-8c00f1c485f1 200 in 25ms (compile: 3ms, render: 21ms)
 GET /student/explore/course/2aaaffcb-f291-45e2-a94f-8c00f1c485f1 200 in 26ms (compile: 3ms, render: 23ms)
 GET /student/explore/course/2aaaffcb-f291-45e2-a94f-8c00f1c485f1 200 in 37ms (compile: 4ms, render: 33ms)
 GET /student/explore/course/2aaaffcb-f291-45e2-a94f-8c00f1c485f1 200 in 27ms (compile: 3ms, render: 24ms)
 GET /student/explore/course/2aaaffcb-f291-45e2-a94f-8c00f1c485f1 200 in 23ms (compile: 2ms, render: 20ms)
 GET /student/explore/course/2aaaffcb-f291-45e2-a94f-8c00f1c485f1 200 in 25ms (compile: 3ms, render: 22ms)
 GET /student/explore/course/2aaaffcb-f291-45e2-a94f-8c00f1c485f1 200 in 31ms (compile: 3ms, render: 28ms)
 GET /student/explore/course/2aaaffcb-f291-45e2-a94f-8c00f1c485f1 200 in 27ms (compile: 5ms, render: 22ms)
 GET /student/explore/course/2aaaffcb-f291-45e2-a94f-8c00f1c485f1 200 in 27ms (compile: 5ms, render: 22ms)
 GET /auth/login 200 in 438ms (compile: 141ms, render: 297ms)
 GET /trainer/dashboard 200 in 166ms (compile: 138ms, render: 28ms)
 ✓ Compiled in 1136ms
 GET /trainer/students 200 in 453ms (compile: 363ms, render: 90ms)
 GET /trainer/dashboard 200 in 455ms (compile: 424ms, render: 32ms)
 GET /trainer/students 200 in 63ms (compile: 5ms, render: 58ms)
 GET /trainer/dashboard 200 in 26ms (compile: 4ms, render: 22ms)
 GET /trainer/dashboard 200 in 69ms (compile: 5ms, render: 64ms)
 GET /trainer/students 200 in 32ms (compile: 5ms, render: 26ms)
 GET /trainer/dashboard 200 in 67ms (compile: 5ms, render: 62ms)
 GET /trainer/students 200 in 67ms (compile: 27ms, render: 41ms)
 GET /trainer/dashboard 200 in 74ms (compile: 8ms, render: 66ms)
 GET /trainer/students 200 in 77ms (compile: 42ms, render: 35ms)
 GET /trainer/students 200 in 61ms (compile: 4ms, render: 56ms)
 GET /trainer/dashboard 200 in 31ms (compile: 5ms, render: 27ms)
 GET /trainer/students 200 in 62ms (compile: 5ms, render: 57ms)
 GET /trainer/dashboard 200 in 38ms (compile: 4ms, render: 34ms)
 GET /trainer/students 200 in 96ms (compile: 5ms, render: 91ms)
 GET /trainer/dashboard 200 in 63ms (compile: 5ms, render: 58ms)
 GET /trainer/students 200 in 67ms (compile: 5ms, render: 63ms)
 GET /trainer/dashboard 200 in 68ms (compile: 39ms, render: 29ms)
 GET /trainer/students 200 in 72ms (compile: 4ms, render: 68ms)
 GET /trainer/dashboard 200 in 50ms (compile: 8ms, render: 42ms)
 GET /trainer/students 200 in 51ms (compile: 5ms, render: 47ms)
 GET /trainer/dashboard 200 in 51ms (compile: 25ms, render: 26ms)
 GET /trainer/students 200 in 65ms (compile: 7ms, render: 58ms)
 GET /trainer/dashboard 200 in 65ms (compile: 36ms, render: 29ms)
 GET /trainer/students 200 in 55ms (compile: 5ms, render: 50ms)
 GET /trainer/dashboard 200 in 56ms (compile: 25ms, render: 30ms)
 GET /trainer/students 200 in 64ms (compile: 6ms, render: 58ms)
 GET /trainer/dashboard 200 in 37ms (compile: 4ms, render: 33ms)
 GET /trainer/dashboard 200 in 46ms (compile: 6ms, render: 40ms)
 GET /trainer/students 200 in 24ms (compile: 3ms, render: 21ms)
 GET /trainer/dashboard 200 in 48ms (compile: 4ms, render: 44ms)
 GET /trainer/students 200 in 28ms (compile: 4ms, render: 25ms)
 GET /trainer/dashboard 200 in 39ms (compile: 3ms, render: 36ms)
 GET /trainer/students 200 in 39ms (compile: 20ms, render: 19ms)
 GET /trainer/students 200 in 52ms (compile: 3ms, render: 49ms)
 GET /trainer/dashboard 200 in 35ms (compile: 5ms, render: 29ms)
 GET /trainer/students 200 in 59ms (compile: 7ms, render: 52ms)
 GET /trainer/dashboard 200 in 27ms (compile: 5ms, render: 22ms)
 GET /trainer/students 200 in 44ms (compile: 4ms, render: 40ms)
 GET /trainer/dashboard 200 in 25ms (compile: 5ms, render: 20ms)
 GET /trainer/students 200 in 61ms (compile: 3ms, render: 58ms)
 GET /trainer/dashboard 200 in 26ms (compile: 4ms, render: 23ms)
 GET /trainer/dashboard 200 in 47ms (compile: 5ms, render: 42ms)
 GET /trainer/students 200 in 47ms (compile: 26ms, render: 21ms)
 GET /trainer/dashboard 200 in 56ms (compile: 26ms, render: 30ms)
 GET /trainer/students 200 in 59ms (compile: 4ms, render: 55ms)
 GET /trainer/students 200 in 63ms (compile: 5ms, render: 57ms)
 GET /trainer/dashboard 200 in 63ms (compile: 32ms, render: 31ms)
 GET /trainer/students 200 in 55ms (compile: 6ms, render: 49ms)
 GET /trainer/dashboard 200 in 28ms (compile: 3ms, render: 24ms)
 GET /trainer/students 200 in 66ms (compile: 4ms, render: 61ms)
 GET /trainer/dashboard 200 in 33ms (compile: 5ms, render: 28ms)
 GET /trainer/students 200 in 56ms (compile: 5ms, render: 51ms)
 GET /trainer/dashboard 200 in 57ms (compile: 30ms, render: 27ms)
 GET /trainer/students 200 in 62ms (compile: 4ms, render: 58ms)
 GET /trainer/dashboard 200 in 62ms (compile: 29ms, render: 33ms)
 GET /trainer/dashboard 200 in 53ms (compile: 27ms, render: 26ms)
 GET /trainer/students 200 in 55ms (compile: 4ms, render: 51ms)
 GET /trainer/students 200 in 58ms (compile: 29ms, render: 29ms)
 GET /trainer/dashboard 200 in 61ms (compile: 6ms, render: 55ms)
 GET /trainer/students 200 in 54ms (compile: 6ms, render: 48ms)
 GET /trainer/dashboard 200 in 30ms (compile: 4ms, render: 26ms)
 GET /trainer/students 200 in 49ms (compile: 4ms, render: 46ms)
 GET /trainer/dashboard 200 in 28ms (compile: 3ms, render: 25ms)
 GET /trainer/dashboard 200 in 50ms (compile: 22ms, render: 28ms)
 GET /trainer/students 200 in 52ms (compile: 3ms, render: 49ms)
 GET /trainer/students 200 in 42ms (compile: 4ms, render: 38ms)
 GET /trainer/dashboard 200 in 24ms (compile: 4ms, render: 20ms)
 GET /trainer/students 200 in 60ms (compile: 5ms, render: 55ms)
 GET /trainer/dashboard 200 in 60ms (compile: 31ms, render: 29ms)
 GET /trainer/dashboard 200 in 46ms (compile: 23ms, render: 23ms)
 GET /trainer/students 200 in 48ms (compile: 4ms, render: 44ms)
 GET /trainer/dashboard 200 in 43ms (compile: 3ms, render: 39ms)
 GET /trainer/students 200 in 44ms (compile: 20ms, render: 23ms)
 GET /trainer/dashboard 200 in 52ms (compile: 24ms, render: 27ms)
 GET /trainer/students 200 in 54ms (compile: 4ms, render: 50ms)
 GET /trainer/dashboard 200 in 56ms (compile: 5ms, render: 51ms)
 GET /trainer/students 200 in 57ms (compile: 30ms, render: 26ms)
 GET /trainer/dashboard 200 in 70ms (compile: 5ms, render: 65ms)
 GET /trainer/students 200 in 71ms (compile: 32ms, render: 38ms)
 GET /trainer/students 200 in 64ms (compile: 6ms, render: 58ms)
 GET /trainer/dashboard 200 in 64ms (compile: 35ms, render: 29ms)
 GET /trainer/dashboard 200 in 73ms (compile: 6ms, render: 66ms)
 GET /trainer/students 200 in 73ms (compile: 38ms, render: 36ms)
 GET /trainer/dashboard 200 in 59ms (compile: 5ms, render: 54ms)
 GET /trainer/students 200 in 60ms (compile: 33ms, render: 27ms)
 GET /trainer/dashboard 200 in 49ms (compile: 5ms, render: 44ms)
 GET /trainer/students 200 in 26ms (compile: 3ms, render: 23ms)
 GET /trainer/dashboard 200 in 86ms (compile: 6ms, render: 80ms)
 GET /trainer/students 200 in 44ms (compile: 5ms, render: 38ms)
 GET /trainer/dashboard 200 in 85ms (compile: 6ms, render: 79ms)
 GET /trainer/students 200 in 46ms (compile: 9ms, render: 37ms)
 GET /trainer/students 200 in 80ms (compile: 5ms, render: 74ms)
 GET /trainer/dashboard 200 in 41ms (compile: 6ms, render: 35ms)
 GET /trainer/students 200 in 76ms (compile: 10ms, render: 66ms)
 GET /trainer/dashboard 200 in 77ms (compile: 40ms, render: 37ms)
 GET /trainer/dashboard 200 in 75ms (compile: 7ms, render: 68ms)
 GET /trainer/students 200 in 45ms (compile: 5ms, render: 40ms)
 GET /trainer/students 200 in 40ms (compile: 4ms, render: 37ms)
 GET /trainer/dashboard 200 in 41ms (compile: 22ms, render: 19ms)
 GET /trainer/students 200 in 49ms (compile: 4ms, render: 44ms)
 GET /trainer/dashboard 200 in 49ms (compile: 23ms, render: 27ms)
 GET /trainer/students 200 in 47ms (compile: 25ms, render: 22ms)
 GET /trainer/dashboard 200 in 50ms (compile: 3ms, render: 46ms)
 GET /trainer/students 200 in 50ms (compile: 4ms, render: 47ms)
 GET /trainer/dashboard 200 in 53ms (compile: 29ms, render: 23ms)
 GET /trainer/dashboard 200 in 59ms (compile: 6ms, render: 53ms)
 GET /trainer/students 200 in 59ms (compile: 30ms, render: 29ms)
 GET /trainer/students 200 in 51ms (compile: 5ms, render: 46ms)
 GET /trainer/dashboard 200 in 29ms (compile: 3ms, render: 26ms)
 GET /trainer/students 200 in 59ms (compile: 4ms, render: 55ms)
 GET /trainer/dashboard 200 in 38ms (compile: 3ms, render: 35ms)
 GET /trainer/students 200 in 51ms (compile: 4ms, render: 47ms)
 GET /trainer/dashboard 200 in 28ms (compile: 3ms, render: 24ms)
 GET /trainer/students 200 in 67ms (compile: 4ms, render: 63ms)
 GET /trainer/dashboard 200 in 38ms (compile: 4ms, render: 34ms)
 GET /trainer/students 200 in 57ms (compile: 5ms, render: 53ms)
 GET /trainer/dashboard 200 in 30ms (compile: 4ms, render: 26ms)
 GET /trainer/dashboard 200 in 50ms (compile: 29ms, render: 21ms)
 GET /trainer/students 200 in 52ms (compile: 4ms, render: 48ms)
 GET /trainer/students 200 in 54ms (compile: 5ms, render: 49ms)
 GET /trainer/dashboard 200 in 55ms (compile: 25ms, render: 30ms)
 GET /trainer/dashboard 200 in 60ms (compile: 6ms, render: 54ms)
 GET /trainer/students 200 in 61ms (compile: 35ms, render: 26ms)
 GET /trainer/dashboard 200 in 50ms (compile: 25ms, render: 25ms)
 GET /trainer/students 200 in 53ms (compile: 5ms, render: 48ms)
 GET /trainer/dashboard 200 in 50ms (compile: 3ms, render: 47ms)
 GET /trainer/students 200 in 51ms (compile: 28ms, render: 22ms)
 GET /trainer/students 200 in 54ms (compile: 4ms, render: 49ms)
 GET /trainer/dashboard 200 in 55ms (compile: 26ms, render: 30ms)
 GET /trainer/students 200 in 99ms (compile: 8ms, render: 91ms)
 GET /trainer/dashboard 200 in 100ms (compile: 47ms, render: 52ms)
 GET /trainer/students 200 in 160ms (compile: 6ms, render: 153ms)
 GET /trainer/dashboard 200 in 44ms (compile: 5ms, render: 39ms)
 GET /trainer/students 200 in 48ms (compile: 4ms, render: 44ms)
 GET /trainer/dashboard 200 in 28ms (compile: 3ms, render: 25ms)
 GET /trainer/students 200 in 56ms (compile: 3ms, render: 53ms)
 GET /trainer/dashboard 200 in 29ms (compile: 3ms, render: 26ms)
 GET /trainer/students 200 in 61ms (compile: 5ms, render: 56ms)
 GET /trainer/dashboard 200 in 27ms (compile: 4ms, render: 22ms)
 GET /trainer/students 200 in 44ms (compile: 3ms, render: 41ms)
 GET /trainer/dashboard 200 in 24ms (compile: 3ms, render: 21ms)
 GET /trainer/students 200 in 50ms (compile: 3ms, render: 46ms)
 GET /trainer/dashboard 200 in 24ms (compile: 4ms, render: 20ms)
 GET /trainer/students 200 in 47ms (compile: 4ms, render: 43ms)
 GET /trainer/dashboard 200 in 48ms (compile: 23ms, render: 25ms)
 GET /trainer/dashboard 200 in 52ms (compile: 3ms, render: 49ms)
 GET /trainer/students 200 in 34ms (compile: 3ms, render: 31ms)
 GET /trainer/dashboard 200 in 43ms (compile: 4ms, render: 39ms)
 GET /trainer/students 200 in 44ms (compile: 22ms, render: 22ms)
 GET /trainer/dashboard 200 in 50ms (compile: 4ms, render: 46ms)
 GET /trainer/students 200 in 51ms (compile: 22ms, render: 29ms)
 GET /trainer/students 200 in 63ms (compile: 4ms, render: 59ms)
 GET /trainer/dashboard 200 in 30ms (compile: 4ms, render: 26ms)
 GET /trainer/dashboard 200 in 48ms (compile: 24ms, render: 24ms)
 GET /trainer/students 200 in 51ms (compile: 4ms, render: 47ms)
 GET /trainer/dashboard 200 in 62ms (compile: 5ms, render: 57ms)
 GET /trainer/students 200 in 63ms (compile: 28ms, render: 35ms)
 GET /trainer/students 200 in 61ms (compile: 5ms, render: 57ms)
 GET /trainer/dashboard 200 in 64ms (compile: 28ms, render: 36ms)
 GET /trainer/students 200 in 50ms (compile: 5ms, render: 45ms)
 GET /trainer/dashboard 200 in 50ms (compile: 24ms, render: 26ms)
 GET /trainer/dashboard 200 in 66ms (compile: 12ms, render: 54ms)
 GET /trainer/students 200 in 67ms (compile: 40ms, render: 27ms)
 GET /trainer/students 200 in 56ms (compile: 4ms, render: 52ms)
 GET /trainer/dashboard 200 in 35ms (compile: 5ms, render: 30ms)
 GET /trainer/students 200 in 62ms (compile: 3ms, render: 58ms)
 GET /trainer/dashboard 200 in 28ms (compile: 4ms, render: 24ms)
 GET /trainer/students 200 in 53ms (compile: 4ms, render: 49ms)
 GET /trainer/dashboard 200 in 55ms (compile: 27ms, render: 27ms)
 GET /trainer/students 200 in 66ms (compile: 4ms, render: 63ms)
 GET /trainer/dashboard 200 in 41ms (compile: 5ms, render: 37ms)
 GET /trainer/dashboard 200 in 56ms (compile: 6ms, render: 50ms)
 GET /trainer/students 200 in 57ms (compile: 29ms, render: 28ms)
 GET /trainer/students 200 in 59ms (compile: 4ms, render: 55ms)
 GET /trainer/dashboard 200 in 33ms (compile: 4ms, render: 29ms)
 GET /trainer/dashboard 200 in 64ms (compile: 13ms, render: 51ms)
 GET /trainer/students 200 in 58ms (compile: 31ms, render: 27ms)
 GET /trainer/dashboard 200 in 56ms (compile: 4ms, render: 52ms)
 GET /trainer/students 200 in 58ms (compile: 30ms, render: 28ms)
 GET /trainer/students 200 in 70ms (compile: 6ms, render: 65ms)
 GET /trainer/dashboard 200 in 36ms (compile: 5ms, render: 31ms)
 GET /trainer/dashboard 200 in 61ms (compile: 4ms, render: 57ms)
 GET /trainer/students 200 in 62ms (compile: 29ms, render: 33ms)
 GET /trainer/dashboard 200 in 75ms (compile: 37ms, render: 38ms)
 GET /trainer/students 200 in 78ms (compile: 5ms, render: 73ms)
 GET /trainer/dashboard 200 in 64ms (compile: 31ms, render: 33ms)
 GET /trainer/students 200 in 67ms (compile: 4ms, render: 63ms)
 GET /trainer/students 200 in 66ms (compile: 4ms, render: 62ms)
 GET /trainer/dashboard 200 in 75ms (compile: 35ms, render: 40ms)
 GET /trainer/students 200 in 61ms (compile: 4ms, render: 57ms)
 GET /trainer/dashboard 200 in 62ms (compile: 29ms, render: 33ms)
 GET /trainer/dashboard 200 in 61ms (compile: 4ms, render: 57ms)
 GET /trainer/students 200 in 35ms (compile: 5ms, render: 30ms)
 GET /trainer/dashboard 200 in 73ms (compile: 5ms, render: 68ms)
 GET /trainer/students 200 in 34ms (compile: 5ms, render: 29ms)
 GET /trainer/dashboard 200 in 63ms (compile: 33ms, render: 30ms)
 GET /trainer/students 200 in 65ms (compile: 5ms, render: 60ms)
 GET /trainer/students 200 in 64ms (compile: 4ms, render: 60ms)
 GET /trainer/dashboard 200 in 81ms (compile: 4ms, render: 77ms)
 GET /trainer/students 200 in 76ms (compile: 3ms, render: 73ms)
 GET /trainer/dashboard 200 in 77ms (compile: 4ms, render: 73ms)
 GET /trainer/students 200 in 80ms (compile: 3ms, render: 77ms)
 GET /trainer/dashboard 200 in 86ms (compile: 4ms, render: 82ms)
 GET /trainer/students 200 in 72ms (compile: 3ms, render: 69ms)
 GET /trainer/dashboard 200 in 76ms (compile: 3ms, render: 73ms)
 GET /trainer/students 200 in 70ms (compile: 4ms, render: 66ms)
 GET /trainer/dashboard 200 in 88ms (compile: 3ms, render: 85ms)
 GET /trainer/students 200 in 73ms (compile: 4ms, render: 69ms)
 GET /trainer/dashboard 200 in 74ms (compile: 3ms, render: 71ms)
 GET /trainer/students 200 in 71ms (compile: 3ms, render: 68ms)
 GET /trainer/dashboard 200 in 85ms (compile: 3ms, render: 81ms)
 GET /trainer/students 200 in 88ms (compile: 3ms, render: 86ms)
 GET /trainer/dashboard 200 in 73ms (compile: 4ms, render: 69ms)
 GET /trainer/students 200 in 75ms (compile: 4ms, render: 71ms)
 GET /trainer/dashboard 200 in 68ms (compile: 4ms, render: 64ms)
 GET /trainer/students 200 in 103ms (compile: 3ms, render: 100ms)
 GET /trainer/dashboard 200 in 80ms (compile: 4ms, render: 75ms)
 GET /trainer/students 200 in 51ms (compile: 4ms, render: 47ms)
 GET /trainer/dashboard 200 in 105ms (compile: 50ms, render: 54ms)
 GET /trainer/students 200 in 30ms (compile: 4ms, render: 26ms)
 GET /trainer/dashboard 200 in 67ms (compile: 5ms, render: 63ms)
 GET /trainer/students 200 in 42ms (compile: 5ms, render: 37ms)
 GET /trainer/dashboard 200 in 47ms (compile: 4ms, render: 43ms)
 GET /trainer/students 200 in 27ms (compile: 3ms, render: 23ms)
 GET /trainer/dashboard 200 in 55ms (compile: 4ms, render: 50ms)
 GET /trainer/students 200 in 29ms (compile: 4ms, render: 25ms)
 GET /trainer/dashboard 200 in 55ms (compile: 10ms, render: 44ms)
 GET /trainer/students 200 in 55ms (compile: 30ms, render: 25ms)
 GET /trainer/students 200 in 48ms (compile: 4ms, render: 44ms)
 GET /trainer/dashboard 200 in 49ms (compile: 25ms, render: 24ms)
 GET /trainer/students 200 in 55ms (compile: 3ms, render: 52ms)
 GET /trainer/dashboard 200 in 27ms (compile: 3ms, render: 24ms)
 GET /trainer/students 200 in 63ms (compile: 3ms, render: 60ms)
 GET /trainer/dashboard 200 in 34ms (compile: 4ms, render: 30ms)
 GET /trainer/students 200 in 61ms (compile: 3ms, render: 58ms)
 GET /trainer/dashboard 200 in 39ms (compile: 3ms, render: 36ms)
 GET /trainer/students 200 in 50ms (compile: 4ms, render: 47ms)
 GET /trainer/dashboard 200 in 28ms (compile: 3ms, render: 25ms)
 GET /trainer/students 200 in 57ms (compile: 5ms, render: 52ms)
 GET /trainer/dashboard 200 in 57ms (compile: 28ms, render: 29ms)
 GET /trainer/dashboard 200 in 48ms (compile: 4ms, render: 44ms)
 GET /trainer/students 200 in 48ms (compile: 26ms, render: 22ms)
 GET /trainer/dashboard 200 in 53ms (compile: 5ms, render: 49ms)
 GET /trainer/students 200 in 27ms (compile: 3ms, render: 23ms)
 GET /trainer/dashboard 200 in 54ms (compile: 4ms, render: 50ms)
 GET /trainer/students 200 in 26ms (compile: 4ms, render: 23ms)
 GET /trainer/dashboard 200 in 46ms (compile: 3ms, render: 43ms)
 GET /trainer/students 200 in 47ms (compile: 24ms, render: 23ms)
 GET /trainer/dashboard 200 in 100ms (compile: 4ms, render: 96ms)
 GET /trainer/students 200 in 52ms (compile: 5ms, render: 48ms)
 GET /trainer/dashboard 200 in 91ms (compile: 6ms, render: 85ms)
 GET /trainer/students 200 in 47ms (compile: 9ms, render: 38ms)
 GET /trainer/students 200 in 63ms (compile: 4ms, render: 59ms)
 GET /trainer/dashboard 200 in 64ms (compile: 30ms, render: 34ms)
 GET /trainer/dashboard 200 in 59ms (compile: 36ms, render: 23ms)
 GET /trainer/students 200 in 61ms (compile: 12ms, render: 49ms)
 GET /trainer/dashboard 200 in 51ms (compile: 4ms, render: 47ms)
 GET /trainer/students 200 in 52ms (compile: 28ms, render: 25ms)
 GET /trainer/students 200 in 67ms (compile: 5ms, render: 62ms)
 GET /trainer/dashboard 200 in 29ms (compile: 4ms, render: 25ms)
 GET /trainer/dashboard 200 in 53ms (compile: 28ms, render: 25ms)
 GET /trainer/students 200 in 55ms (compile: 4ms, render: 51ms)
 GET /trainer/dashboard 200 in 32ms (compile: 5ms, render: 27ms)
 ✓ Compiled in 604ms
 GET /auth/login 200 in 5.6s (compile: 602ms, render: 5.0s)
 GET /trainer/dashboard 200 in 566ms (compile: 459ms, render: 107ms)
 GET /trainer/enrollments 200 in 649ms (compile: 238ms, render: 411ms)
 GET /trainer/enrollments 200 in 24ms (compile: 9ms, render: 16ms)
 GET / 200 in 249ms (compile: 206ms, render: 43ms)
 GET /auth/login 200 in 26ms (compile: 10ms, render: 16ms)
 GET /institute/dashboard 200 in 276ms (compile: 222ms, render: 54ms)
 GET /institute/students 200 in 1597ms (compile: 1542ms, render: 55ms)
 GET /institute/notifications 200 in 934ms (compile: 903ms, render: 30ms)
 GET /institute/students 200 in 23ms (compile: 7ms, render: 16ms)
 GET / 200 in 25ms (compile: 4ms, render: 21ms)
 GET /auth/register 200 in 914ms (compile: 882ms, render: 32ms)
 GET /auth/login?registered=true 200 in 30ms (compile: 5ms, render: 25ms)
 GET /student/dashboard 200 in 200ms (compile: 149ms, render: 51ms)
 GET /student/courses 200 in 153ms (compile: 118ms, render: 34ms)
 GET / 200 in 28ms (compile: 4ms, render: 24ms)
 GET /auth/login 200 in 28ms (compile: 5ms, render: 23ms)
 GET /institute/dashboard 200 in 32ms (compile: 4ms, render: 28ms)
 GET /institute/staff 200 in 155ms (compile: 127ms, render: 28ms)
 GET /institute/courses 200 in 170ms (compile: 143ms, render: 28ms)
 GET /institute/courses/create 200 in 624ms (compile: 575ms, render: 48ms)
 GET /institute/courses 200 in 445ms (compile: 352ms, render: 93ms)
 GET / 200 in 40ms (compile: 13ms, render: 27ms)
 GET /auth/login 200 in 56ms (compile: 11ms, render: 46ms)
 GET /student/dashboard 200 in 56ms (compile: 15ms, render: 41ms)
 GET /student/courses 200 in 47ms (compile: 11ms, render: 36ms)
 GET /student/explore/course/6141ec99-9432-42d6-8646-c41ab4f750c6 200 in 701ms (compile: 354ms, render: 347ms)
 GET / 200 in 33ms (compile: 10ms, render: 22ms)
 GET /auth/login 200 in 23ms (compile: 5ms, render: 18ms)
 GET /institute/dashboard 200 in 43ms (compile: 14ms, render: 28ms)
 GET /institute/students 200 in 48ms (compile: 18ms, render: 30ms)
 GET / 200 in 27ms (compile: 4ms, render: 23ms)
 GET /student/explore/course/6141ec99-9432-42d6-8646-c41ab4f750c6 200 in 337ms (compile: 8ms, render: 329ms)
 GET /auth/login 200 in 73ms (compile: 10ms, render: 63ms)
 GET /student/dashboard 200 in 30ms (compile: 5ms, render: 25ms)
 GET /student/courses 200 in 19ms (compile: 4ms, render: 14ms)
 GET /student/explore/course/6141ec99-9432-42d6-8646-c41ab4f750c6 200 in 32ms (compile: 10ms, render: 22ms)
 GET /auth/login 200 in 25ms (compile: 6ms, render: 19ms)
 GET /institute/dashboard 200 in 30ms (compile: 6ms, render: 25ms)
 GET /institute/students 200 in 26ms (compile: 5ms, render: 20ms)
 ✓ Compiled in 1537ms
 ✓ Compiled in 655ms
 ✓ Compiled in 322ms
 ✓ Compiled in 436ms
 ✓ Compiled in 492ms
 ✓ Compiled in 396ms
 GET /student/explore/course/6141ec99-9432-42d6-8646-c41ab4f750c6 500 in 2.5s (compile: 676ms, render: 1847ms)
 ✓ Compiled in 402ms
 GET /student/explore/course/6141ec99-9432-42d6-8646-c41ab4f750c6 500 in 455ms (compile: 144ms, render: 311ms)
 ✓ Compiled in 385ms
 GET /student/explore/course/6141ec99-9432-42d6-8646-c41ab4f750c6 500 in 450ms (compile: 155ms, render: 296ms)
 ✓ Compiled in 392ms
 GET /student/explore/course/6141ec99-9432-42d6-8646-c41ab4f750c6 500 in 496ms (compile: 143ms, render: 353ms)
 ✓ Compiled in 395ms
 GET /student/explore/course/6141ec99-9432-42d6-8646-c41ab4f750c6 500 in 457ms (compile: 152ms, render: 305ms)
 ✓ Compiled in 417ms
 GET /student/explore/course/6141ec99-9432-42d6-8646-c41ab4f750c6 500 in 158ms (compile: 31ms, render: 128ms)
 GET /institute/students 200 in 536ms (compile: 197ms, render: 339ms)
 GET /student/explore/course/6141ec99-9432-42d6-8646-c41ab4f750c6 500 in 393ms (compile: 108ms, render: 285ms)
 GET /auth/login 200 in 210ms (compile: 53ms, render: 157ms)
 GET /institute/dashboard 200 in 65ms (compile: 26ms, render: 38ms)
 GET / 200 in 102ms (compile: 47ms, render: 55ms)
 GET /auth/login 200 in 64ms (compile: 4ms, render: 60ms)
 GET /student/dashboard 200 in 70ms (compile: 30ms, render: 40ms)
 ✓ Compiled in 537ms
 GET /student/courses 200 in 79ms (compile: 42ms, render: 37ms)
 GET /student/explore/course/6141ec99-9432-42d6-8646-c41ab4f750c6 200 in 48ms (compile: 10ms, render: 38ms)
 ✓ Compiled in 445ms
 GET /student/courses 200 in 851ms (compile: 5ms, render: 846ms)
 GET /student/notifications 200 in 2.5s (compile: 2.4s, render: 39ms)
 ✓ Compiled in 828ms
 ○ Compiling /student/courses/[id] ...
 GET /student/courses/6141ec99-9432-42d6-8646-c41ab4f750c6 200 in 4.7s (compile: 4.7s, render: 26ms)
 GET /student/my-courses 200 in 560ms (compile: 525ms, render: 35ms)
 GET /student/explore/course/6141ec99-9432-42d6-8646-c41ab4f750c6 200 in 62ms (compile: 15ms, render: 47ms)
 ✓ Compiled in 344ms
 GET /student/explore/course/6141ec99-9432-42d6-8646-c41ab4f750c6 200 in 696ms (compile: 223ms, render: 472ms)
 GET /institute/students 200 in 1925ms (compile: 274ms, render: 1650ms)
 GET / 200 in 43ms (compile: 14ms, render: 29ms)
 GET /auth/login 200 in 41ms (compile: 15ms, render: 26ms)
 GET /institute/dashboard 200 in 44ms (compile: 12ms, render: 32ms)
 GET /institute/students 200 in 24ms (compile: 4ms, render: 20ms)
 GET /institute/notifications 200 in 152ms (compile: 107ms, render: 45ms)
 GET /institute/students 200 in 74ms (compile: 5ms, render: 69ms)
 ✓ Compiled in 461ms
 GET /institute/students 200 in 604ms (compile: 218ms, render: 386ms)
 ✓ Compiled in 530ms
 ✓ Compiled in 1797ms
 GET /institute/students 200 in 6.0s (compile: 1124ms, render: 4.9s)
 GET /institute/courses 200 in 371ms (compile: 170ms, render: 201ms)
 ✓ Compiled in 531ms
 ✓ Compiled in 479ms
 GET /institute/students 200 in 764ms (compile: 315ms, render: 449ms)
 ✓ Compiled in 412ms
 ✓ Compiled in 499ms
 GET /institute/students 200 in 593ms (compile: 215ms, render: 379ms)
 ✓ Compiled in 464ms
 ✓ Compiled in 423ms
 ✓ Compiled in 445ms
 ✓ Compiled in 398ms
 ✓ Compiled in 416ms
 ✓ Compiled in 399ms
 GET /institute/students 200 in 1011ms (compile: 421ms, render: 590ms)
 ✓ Compiled in 404ms
 ✓ Compiled in 360ms
 GET / 200 in 165ms (compile: 46ms, render: 119ms)
 GET /auth/register 200 in 233ms (compile: 149ms, render: 83ms)
 GET /auth/login?registered=true 200 in 134ms (compile: 25ms, render: 108ms)
 GET /student/dashboard 200 in 120ms (compile: 37ms, render: 83ms)
 GET /student/courses 200 in 117ms (compile: 51ms, render: 66ms)
 GET /student/explore/course/6141ec99-9432-42d6-8646-c41ab4f750c6 200 in 232ms (compile: 182ms, render: 51ms)
 GET / 200 in 47ms (compile: 7ms, render: 40ms)
 GET /auth/login 200 in 26ms (compile: 4ms, render: 22ms)
 GET /institute/dashboard 200 in 151ms (compile: 66ms, render: 85ms)
 GET /institute/students 200 in 180ms (compile: 151ms, render: 29ms)
 ✓ Compiled in 424ms
 ✓ Compiled in 530ms
 GET / 200 in 371ms (compile: 142ms, render: 228ms)
 GET /auth/login 200 in 126ms (compile: 25ms, render: 101ms)
 GET /student/dashboard 200 in 171ms (compile: 82ms, render: 90ms)
 GET /student/courses 200 in 170ms (compile: 65ms, render: 105ms)
 GET /student/explore/course/6141ec99-9432-42d6-8646-c41ab4f750c6 200 in 257ms (compile: 122ms, render: 135ms)
 GET /student/notifications 200 in 2.3s (compile: 169ms, render: 2.1s)
 GET /student/courses/6141ec99-9432-42d6-8646-c41ab4f750c6 200 in 185ms (compile: 131ms, render: 54ms)
 ✓ Compiled in 830ms
 GET /student/explore/course/6141ec99-9432-42d6-8646-c41ab4f750c6 200 in 144ms (compile: 82ms, render: 62ms)
 GET / 200 in 77ms (compile: 15ms, render: 62ms)
 GET /auth/login 200 in 66ms (compile: 27ms, render: 39ms)
 GET /institute/dashboard 200 in 78ms (compile: 27ms, render: 50ms)
 GET /institute/students 200 in 263ms (compile: 224ms, render: 40ms)
 GET / 200 in 33ms (compile: 6ms, render: 27ms)
 GET /auth/login 200 in 29ms (compile: 7ms, render: 22ms)
 GET /student/dashboard 200 in 46ms (compile: 9ms, render: 37ms)
 GET /student/courses 200 in 42ms (compile: 10ms, render: 32ms)
 GET /student/explore/course/6141ec99-9432-42d6-8646-c41ab4f750c6 200 in 63ms (compile: 15ms, render: 47ms)
 ○ Compiling /trainer/explore ...
 GET /trainer/explore 200 in 3.9s (compile: 3.9s, render: 43ms)
 GET /trainer/explore/course/f76b6323-c152-4b17-a4ce-fbae7efb5837 200 in 1400ms (compile: 1345ms, render: 55ms)
 ✓ Compiled in 451ms
 ✓ Compiled in 449ms
 ✓ Compiled in 396ms
 ✓ Compiled in 508ms
 GET /trainer/explore/course/6141ec99-9432-42d6-8646-c41ab4f750c6 200 in 551ms (compile: 410ms, render: 141ms)
 ✓ Compiled in 567ms
 GET /trainer/explore 200 in 244ms (compile: 39ms, render: 204ms)
 GET /trainer/explore/course/f76b6323-c152-4b17-a4ce-fbae7efb5837 200 in 997ms (compile: 625ms, render: 371ms)
 GET /trainer/explore 200 in 86ms (compile: 19ms, render: 67ms)
 GET /trainer/explore/course/6141ec99-9432-42d6-8646-c41ab4f750c6 200 in 83ms (compile: 23ms, render: 60ms)
 GET / 200 in 326ms (compile: 51ms, render: 275ms)
 GET /auth/login 200 in 37ms (compile: 11ms, render: 26ms)
 GET /institute/dashboard 200 in 54ms (compile: 14ms, render: 40ms)
 GET /institute/students 200 in 46ms (compile: 15ms, render: 31ms)
 GET /institute/courses 200 in 85ms (compile: 47ms, render: 39ms)
 GET /institute/students 200 in 32ms (compile: 6ms, render: 27ms)
 GET /institute/courses 200 in 33ms (compile: 9ms, render: 24ms)
 ✓ Compiled in 542ms
 ✓ Compiled in 427ms
 ✓ Compiled in 469ms
 ✓ Compiled in 762ms
 ✓ Compiled in 1041ms
 ✓ Compiled in 457ms
 ✓ Compiled in 442ms
 ✓ Compiled in 470ms
 ✓ Compiled in 817ms
 GET /institute/students 200 in 3.5s (compile: 1396ms, render: 2.1s)
 ✓ Compiled in 1778ms
 ✓ Compiled in 1217ms
 ✓ Compiled in 536ms
 ✓ Compiled in 495ms
 ✓ Compiled in 450ms
 ✓ Compiled in 1833ms
 ✓ Compiled in 539ms
 ✓ Compiled in 1060ms
 ✓ Compiled in 423ms
 GET /institute/students 200 in 12.0s (compile: 2.2s, render: 9.7s)
 ✓ Compiled in 776ms
 ✓ Compiled in 486ms
 ✓ Compiled in 820ms
 ○ Compiling /_error ...
 GET /institute/students 500 in 5.0s (compile: 4.6s, render: 417ms)
 GET /institute/students 500 in 390ms (compile: 324ms, render: 66ms)
 ✓ Compiled in 483ms
 GET /institute/students 200 in 2.1s (compile: 720ms, render: 1390ms)
 GET / 200 in 375ms (compile: 195ms, render: 179ms)
 GET /auth/login 200 in 482ms (compile: 103ms, render: 378ms)
 GET /student/dashboard 200 in 143ms (compile: 61ms, render: 82ms)
 GET /student/courses 200 in 74ms (compile: 42ms, render: 32ms)
 GET /student/explore/course/6141ec99-9432-42d6-8646-c41ab4f750c6 200 in 294ms (compile: 234ms, render: 60ms)
 GET /student/courses/6141ec99-9432-42d6-8646-c41ab4f750c6 200 in 90ms (compile: 58ms, render: 32ms)
 GET /student/my-courses 200 in 322ms (compile: 286ms, render: 36ms)
 GET /student/my-courses 200 in 1548ms (compile: 283ms, render: 1266ms)
 GET /student/explore/course/6141ec99-9432-42d6-8646-c41ab4f750c6 200 in 407ms (compile: 86ms, render: 322ms)
 GET /student/my-courses 200 in 62ms (compile: 12ms, render: 50ms)
 GET /student/courses/6141ec99-9432-42d6-8646-c41ab4f750c6 200 in 139ms (compile: 40ms, render: 99ms)
 GET /student/courses 200 in 126ms (compile: 38ms, render: 88ms)
 GET / 200 in 180ms (compile: 39ms, render: 141ms)
 ✓ Compiled in 3.5s
 GET / 200 in 4.2s (compile: 1244ms, render: 3.0s)
 GET /student/my-courses 200 in 4.3s (compile: 786ms, render: 3.5s)
 GET / 200 in 1986ms (compile: 826ms, render: 1160ms)
 GET /student/my-courses 200 in 2.0s (compile: 194ms, render: 1831ms)
 ✓ Compiled in 4.8s
 GET /auth/login 200 in 1225ms (compile: 1139ms, render: 86ms)
 GET /institute/dashboard 200 in 441ms (compile: 392ms, render: 49ms)
 GET /institute/courses 200 in 423ms (compile: 378ms, render: 45ms)
 ○ Compiling /institute/schedule ...
 GET /institute/schedule 200 in 3.4s (compile: 3.4s, render: 41ms)
 ✓ Compiled in 621ms
 GET /institute/students 200 in 330ms (compile: 284ms, render: 46ms)
 ✓ Compiled in 564ms
 ○ Compiling /institute/announcements ...
 GET /institute/announcements 200 in 5.1s (compile: 4.9s, render: 214ms)
 GET /institute/announcements 200 in 91ms (compile: 8ms, render: 83ms)
 GET /institute/schedule 200 in 155ms (compile: 42ms, render: 113ms)
 GET /institute/courses 200 in 518ms (compile: 420ms, render: 98ms)
 GET /institute/schedule 200 in 87ms (compile: 10ms, render: 78ms)
 GET /institute/students 200 in 100ms (compile: 24ms, render: 76ms)
