
> course-booking-platform@0.1.0 dev
> next dev

   ▲ Next.js 16.0.3 (Turbopack)
   - Local:         http://localhost:3000
   - Network:       http://192.168.1.100:3000
   - Environments: .env.local

 ✓ Starting...
Creating turbopack project {
  dir: 'D:\\Course-Booking-Platform-final\\Course-Booking-Platform-final',
  testMode: true
}
 ✓ Ready in 3.1s
 ○ Compiling / ...
 GET / 200 in 6.9s (compile: 6.4s, render: 475ms)
 GET / 200 in 88ms (compile: 7ms, render: 81ms)
 GET / 200 in 117ms (compile: 15ms, render: 102ms)
 GET /images/course-placeholder.png 404 in 1526ms (compile: 1364ms, render: 163ms)
 GET /auth/login 200 in 675ms (compile: 624ms, render: 51ms)
 GET /institute/dashboard 200 in 775ms (compile: 730ms, render: 45ms)
 GET /institute/students 200 in 783ms (compile: 740ms, render: 43ms)
 GET /institute/staff 200 in 665ms (compile: 622ms, render: 43ms)
 GET /institute/halls 200 in 1034ms (compile: 995ms, render: 38ms)
 GET /institute/students 200 in 27ms (compile: 5ms, render: 22ms)
 GET /institute/courses 200 in 429ms (compile: 391ms, render: 38ms)
 GET / 200 in 26ms (compile: 7ms, render: 20ms)
 GET /images/course-placeholder.png 404 in 58ms (compile: 11ms, render: 46ms)
 GET /auth/login 200 in 22ms (compile: 3ms, render: 19ms)
 GET /trainer/dashboard 200 in 360ms (compile: 332ms, render: 28ms)
 GET /trainer/students 200 in 426ms (compile: 395ms, render: 31ms)
 GET /trainer/courses 200 in 332ms (compile: 311ms, render: 21ms)
 ✓ Compiled in 529ms
 ✓ Compiled in 1949ms
 ✓ Compiled in 1960ms
 ✓ Compiled in 1640ms
 ✓ Compiled in 1728ms
 ✓ Compiled in 1455ms
 GET /trainer/students?courseId=f6c325b8-532c-4941-ae27-266d84622973 200 in 924ms (compile: 752ms, render: 172ms)
 ✓ Compiled in 1742ms
 GET /trainer/courses/091dce9e-de2e-42b9-aee7-b1049eb81ac7/edit 200 in 3.9s (compile: 3.8s, render: 107ms)
 GET /trainer/courses 200 in 715ms (compile: 536ms, render: 179ms)
 ✓ Compiled in 1721ms
 ✓ Compiled in 1005ms
 ✓ Compiled in 401ms
 ✓ Compiled in 383ms
 GET /trainer/courses 200 in 793ms (compile: 353ms, render: 440ms)
 GET /auth/login 200 in 418ms (compile: 132ms, render: 286ms)
 GET /trainer/courses 200 in 103ms (compile: 8ms, render: 95ms)
 GET /auth/login 200 in 70ms (compile: 5ms, render: 65ms)
 GET /trainer/courses 200 in 108ms (compile: 14ms, render: 94ms)
 GET /auth/login 200 in 63ms (compile: 7ms, render: 56ms)
 ✓ Compiled in 719ms
 ✓ Compiled in 393ms
 ✓ Compiled in 427ms
 ✓ Compiled in 346ms
 ✓ Compiled in 822ms
 ✓ Compiled in 618ms
 ✓ Compiled in 423ms
 GET /trainer/courses 200 in 940ms (compile: 572ms, render: 367ms)
 ✓ Compiled in 568ms
 GET /trainer/courses 200 in 610ms (compile: 270ms, render: 340ms)
 ✓ Compiled in 748ms
 GET /trainer/courses/f6c325b8-532c-4941-ae27-266d84622973 200 in 3.9s (compile: 3.9s, render: 53ms)
 ✓ Compiled in 853ms
 ✓ Compiled in 415ms
 ✓ Compiled in 407ms
 ✓ Compiled in 545ms
 GET /trainer/courses/f6c325b8-532c-4941-ae27-266d84622973 200 in 327ms (compile: 232ms, render: 95ms)
 GET /trainer/explore/course/1 200 in 1521ms (compile: 1238ms, render: 283ms)
 ✓ Compiled in 755ms
 GET /trainer/courses/f6c325b8-532c-4941-ae27-266d84622973 200 in 851ms (compile: 383ms, render: 468ms)
 ✓ Compiled in 725ms
 ✓ Compiled in 477ms
 ✓ Compiled in 797ms
 ✓ Compiled in 430ms
 ✓ Compiled in 570ms
 ✓ Compiled in 536ms
 ✓ Compiled in 906ms
 ✓ Compiled in 878ms
 ✓ Compiled in 598ms
 ✓ Compiled in 348ms
 ✓ Compiled in 370ms
 ✓ Compiled in 350ms
 ✓ Compiled in 835ms
 GET /trainer/courses/f6c325b8-532c-4941-ae27-266d84622973 200 in 1020ms (compile: 804ms, render: 216ms)
 GET /trainer/courses/f6c325b8-532c-4941-ae27-266d84622973 200 in 64ms (compile: 5ms, render: 58ms)
 ✓ Compiled in 976ms
 ✓ Compiled in 647ms
 GET /trainer/courses 200 in 702ms (compile: 563ms, render: 139ms)
 GET /trainer/courses/f6c325b8-532c-4941-ae27-266d84622973/edit 200 in 985ms (compile: 517ms, render: 468ms)
 GET /trainer/courses 200 in 33ms (compile: 7ms, render: 27ms)
 GET /trainer/courses/f6c325b8-532c-4941-ae27-266d84622973 200 in 169ms (compile: 130ms, render: 39ms)
 ✓ Compiled in 589ms
 ✓ Compiled in 847ms
 ✓ Compiled in 414ms
 ✓ Compiled in 819ms
 ✓ Compiled in 459ms
 GET /trainer/courses/f6c325b8-532c-4941-ae27-266d84622973 200 in 779ms (compile: 399ms, render: 380ms)
 ✓ Compiled in 622ms
 ✓ Compiled in 450ms
 ✓ Compiled in 478ms
 GET /trainer/profile 200 in 3.2s (compile: 3.1s, render: 121ms)
 GET /trainer/courses 200 in 172ms (compile: 138ms, render: 33ms)
 GET /trainer/courses/f6c325b8-532c-4941-ae27-266d84622973 200 in 243ms (compile: 166ms, render: 77ms)
 ✓ Compiled in 657ms
 ✓ Compiled in 441ms
 ✓ Compiled in 406ms
 GET /trainer/courses/f6c325b8-532c-4941-ae27-266d84622973 200 in 751ms (compile: 314ms, render: 437ms)
 ✓ Compiled in 402ms
 ✓ Compiled in 763ms
 ✓ Compiled in 409ms
 ✓ Compiled in 574ms
 ✓ Compiled in 716ms
 ✓ Compiled in 404ms
 ✓ Compiled in 622ms
 ✓ Compiled in 711ms
 ✓ Compiled in 500ms
 GET /trainer/courses/f6c325b8-532c-4941-ae27-266d84622973 200 in 699ms (compile: 513ms, render: 185ms)
 GET /trainer/courses/f6c325b8-532c-4941-ae27-266d84622973 200 in 54ms (compile: 8ms, render: 46ms)
 GET /trainer/courses/f6c325b8-532c-4941-ae27-266d84622973 200 in 757ms (compile: 23ms, render: 734ms)
 ✓ Compiled in 482ms
 ✓ Compiled in 578ms
 ✓ Compiled in 834ms
 ✓ Compiled in 807ms
 ✓ Compiled in 716ms
 ✓ Compiled in 657ms
 ✓ Compiled in 615ms
 ✓ Compiled in 577ms
 GET /trainer/courses 200 in 374ms (compile: 194ms, render: 180ms)
 GET /trainer/explore 200 in 2.5s (compile: 2.4s, render: 63ms)
 GET /trainer/explore/course/3b7e35dd-a5b6-4631-85ef-18895bb3dc4c 200 in 592ms (compile: 329ms, render: 263ms)
 GET /trainer/explore 200 in 40ms (compile: 10ms, render: 30ms)
 GET /trainer/explore/course/3b7e35dd-a5b6-4631-85ef-18895bb3dc4c 200 in 43ms (compile: 14ms, render: 29ms)
 GET /trainer/explore 200 in 41ms (compile: 6ms, render: 36ms)
 GET /trainer/explore/course/f76b6323-c152-4b17-a4ce-fbae7efb5837 200 in 50ms (compile: 11ms, render: 38ms)
 GET / 200 in 306ms (compile: 257ms, render: 49ms)
 GET /images/course-placeholder.png 404 in 661ms (compile: 213ms, render: 447ms)
 GET /auth/login 200 in 113ms (compile: 71ms, render: 42ms)
 GET /student/dashboard 200 in 1490ms (compile: 1462ms, render: 27ms)
 GET /student/courses 200 in 787ms (compile: 748ms, render: 38ms)
 GET /student/explore/course/3b7e35dd-a5b6-4631-85ef-18895bb3dc4c 200 in 1611ms (compile: 1578ms, render: 33ms)
 ✓ Compiled in 636ms
 ✓ Compiled in 1078ms
 GET /student/courses 200 in 567ms (compile: 188ms, render: 379ms)
 GET /student/explore/course/f76b6323-c152-4b17-a4ce-fbae7efb5837 200 in 1057ms (compile: 625ms, render: 432ms)
 ✓ Compiled in 503ms
 ✓ Compiled in 530ms
 GET /student/courses 200 in 208ms (compile: 75ms, render: 133ms)
 GET /student/explore/course/c9b05c05-3b5e-4df0-b40e-bb454e6ea3ce 200 in 304ms (compile: 239ms, render: 64ms)
 ✓ Compiled in 707ms
 GET /student/explore/course/c9b05c05-3b5e-4df0-b40e-bb454e6ea3ce 200 in 859ms (compile: 274ms, render: 585ms)
 ✓ Compiled in 665ms
 ✓ Compiled in 752ms
 ✓ Compiled in 815ms
 ✓ Compiled in 1241ms
 ✓ Compiled in 425ms
 ✓ Compiled in 688ms
 ✓ Compiled in 659ms
 ✓ Compiled in 661ms
 ✓ Compiled in 724ms
 ✓ Compiled in 420ms
 ✓ Compiled in 467ms
 GET / 200 in 863ms (compile: 311ms, render: 552ms)
 GET /images/course-placeholder.png 404 in 624ms (compile: 107ms, render: 517ms)
 ○ Compiling /auth/register ...
 GET /auth/register 200 in 6.4s (compile: 6.3s, render: 70ms)
 GET /terms 404 in 45ms (compile: 13ms, render: 32ms)
 GET /terms 404 in 105ms (compile: 8ms, render: 97ms)
 GET /terms 404 in 82ms (compile: 11ms, render: 71ms)
 ✓ Compiled in 914ms
 GET /terms 200 in 1276ms (compile: 1146ms, render: 129ms)
 GET /terms 200 in 64ms (compile: 5ms, render: 59ms)
 GET /terms 200 in 53ms (compile: 3ms, render: 49ms)
 GET /terms 200 in 62ms (compile: 6ms, render: 56ms)
 GET /terms 200 in 72ms (compile: 8ms, render: 65ms)
 GET /terms 200 in 54ms (compile: 5ms, render: 49ms)
 GET /terms 200 in 80ms (compile: 6ms, render: 74ms)
 GET /terms 200 in 61ms (compile: 7ms, render: 55ms)
 GET /terms 200 in 103ms (compile: 6ms, render: 98ms)
 GET /terms 200 in 137ms (compile: 9ms, render: 128ms)
 GET /terms 200 in 62ms (compile: 4ms, render: 58ms)
 GET /terms 200 in 70ms (compile: 6ms, render: 64ms)
 GET /terms 200 in 73ms (compile: 4ms, render: 69ms)
 GET /terms 200 in 56ms (compile: 6ms, render: 50ms)
 GET /terms 200 in 68ms (compile: 4ms, render: 64ms)
 GET /terms 200 in 52ms (compile: 6ms, render: 46ms)
 GET /terms 200 in 57ms (compile: 4ms, render: 53ms)
 GET /terms 200 in 75ms (compile: 5ms, render: 70ms)
 GET /terms 200 in 55ms (compile: 4ms, render: 52ms)
 GET /terms 200 in 49ms (compile: 4ms, render: 45ms)
 GET /terms 200 in 63ms (compile: 5ms, render: 59ms)
 GET /terms 200 in 45ms (compile: 4ms, render: 41ms)
 GET /terms 200 in 59ms (compile: 4ms, render: 56ms)
 GET /terms 200 in 55ms (compile: 3ms, render: 52ms)
 GET /terms 200 in 56ms (compile: 6ms, render: 50ms)
 GET /terms 200 in 68ms (compile: 4ms, render: 64ms)
 GET /terms 200 in 56ms (compile: 4ms, render: 51ms)
 GET /terms 200 in 51ms (compile: 5ms, render: 46ms)
 GET /terms 200 in 42ms (compile: 3ms, render: 39ms)
 GET /terms 200 in 44ms (compile: 3ms, render: 40ms)
 GET /terms 200 in 52ms (compile: 4ms, render: 48ms)
 GET /terms 200 in 56ms (compile: 5ms, render: 51ms)
 GET /terms 200 in 47ms (compile: 5ms, render: 42ms)
 GET /terms 200 in 64ms (compile: 5ms, render: 59ms)
 GET /terms 200 in 51ms (compile: 4ms, render: 47ms)
 GET /terms 200 in 67ms (compile: 5ms, render: 62ms)
 GET /terms 200 in 50ms (compile: 5ms, render: 45ms)
 GET /terms 200 in 50ms (compile: 4ms, render: 47ms)
 GET /terms 200 in 41ms (compile: 4ms, render: 37ms)
 GET /terms 200 in 49ms (compile: 5ms, render: 44ms)
 GET /terms 200 in 54ms (compile: 7ms, render: 46ms)
 GET /terms 200 in 53ms (compile: 4ms, render: 49ms)
 GET /terms 200 in 43ms (compile: 3ms, render: 41ms)
 GET /terms 200 in 51ms (compile: 3ms, render: 48ms)
 GET /terms 200 in 62ms (compile: 20ms, render: 42ms)
 GET /terms 200 in 55ms (compile: 3ms, render: 52ms)
 GET /terms 200 in 48ms (compile: 4ms, render: 43ms)
 GET /terms 200 in 41ms (compile: 2ms, render: 38ms)
 GET /terms 200 in 53ms (compile: 4ms, render: 49ms)
 GET /terms 200 in 63ms (compile: 5ms, render: 58ms)
 GET /terms 200 in 57ms (compile: 4ms, render: 53ms)
 GET /terms 200 in 64ms (compile: 4ms, render: 60ms)
 GET /terms 200 in 40ms (compile: 4ms, render: 36ms)
 GET /terms 200 in 59ms (compile: 4ms, render: 55ms)
 GET /terms 200 in 47ms (compile: 4ms, render: 43ms)
 GET /terms 200 in 68ms (compile: 7ms, render: 60ms)
 GET /terms 200 in 58ms (compile: 4ms, render: 54ms)
 GET /terms 200 in 98ms (compile: 10ms, render: 88ms)
 GET /terms 200 in 74ms (compile: 7ms, render: 68ms)
 GET /terms 200 in 76ms (compile: 6ms, render: 69ms)
 GET /terms 200 in 61ms (compile: 6ms, render: 55ms)
 GET /terms 200 in 50ms (compile: 3ms, render: 46ms)
 GET /terms 200 in 42ms (compile: 4ms, render: 37ms)
 GET /terms 200 in 55ms (compile: 4ms, render: 50ms)
 GET /terms 200 in 49ms (compile: 5ms, render: 44ms)
 GET /terms 200 in 55ms (compile: 4ms, render: 51ms)
 GET /terms 200 in 47ms (compile: 4ms, render: 43ms)
 GET /terms 200 in 57ms (compile: 4ms, render: 53ms)
 GET /terms 200 in 53ms (compile: 3ms, render: 50ms)
 GET /terms 200 in 60ms (compile: 5ms, render: 55ms)
 GET /terms 200 in 47ms (compile: 3ms, render: 44ms)
 GET /terms 200 in 63ms (compile: 3ms, render: 61ms)
 GET /terms 200 in 51ms (compile: 3ms, render: 48ms)
 GET /terms 200 in 51ms (compile: 3ms, render: 48ms)
 GET /terms 200 in 59ms (compile: 13ms, render: 46ms)
 GET /terms 200 in 57ms (compile: 5ms, render: 53ms)
 GET /terms 200 in 50ms (compile: 4ms, render: 46ms)
 GET /terms 200 in 62ms (compile: 5ms, render: 57ms)
 GET /terms 200 in 49ms (compile: 4ms, render: 45ms)
 GET /terms 200 in 50ms (compile: 5ms, render: 46ms)
 GET /terms 200 in 48ms (compile: 4ms, render: 44ms)
 GET /terms 200 in 55ms (compile: 5ms, render: 50ms)
 GET /terms 200 in 47ms (compile: 4ms, render: 43ms)
 GET /terms 200 in 72ms (compile: 5ms, render: 67ms)
 GET /terms 200 in 45ms (compile: 4ms, render: 41ms)
 GET /terms 200 in 74ms (compile: 5ms, render: 69ms)
 GET /terms 200 in 54ms (compile: 4ms, render: 50ms)
 GET /terms 200 in 50ms (compile: 5ms, render: 45ms)
 GET /terms 200 in 53ms (compile: 4ms, render: 49ms)
 GET /terms 200 in 67ms (compile: 3ms, render: 64ms)
 GET /terms 200 in 41ms (compile: 4ms, render: 37ms)
 GET /terms 200 in 56ms (compile: 4ms, render: 52ms)
 GET /terms 200 in 48ms (compile: 4ms, render: 44ms)
 GET /terms 200 in 58ms (compile: 7ms, render: 50ms)
 GET /terms 200 in 42ms (compile: 2ms, render: 39ms)
 GET /terms 200 in 42ms (compile: 3ms, render: 39ms)
 GET /terms 200 in 40ms (compile: 4ms, render: 37ms)
 GET /terms 200 in 69ms (compile: 12ms, render: 57ms)
 GET /terms 200 in 49ms (compile: 3ms, render: 46ms)
 GET /terms 200 in 60ms (compile: 7ms, render: 53ms)
 GET /terms 200 in 67ms (compile: 4ms, render: 63ms)
 GET /terms 200 in 220ms (compile: 26ms, render: 194ms)
 GET /terms 200 in 53ms (compile: 4ms, render: 48ms)
 GET /terms 200 in 44ms (compile: 4ms, render: 39ms)
 GET /terms 200 in 47ms (compile: 6ms, render: 41ms)
 GET /terms 200 in 89ms (compile: 10ms, render: 80ms)
 GET /terms 200 in 65ms (compile: 6ms, render: 59ms)
 GET /terms 200 in 65ms (compile: 4ms, render: 61ms)
 GET /terms 200 in 40ms (compile: 3ms, render: 37ms)
 GET /terms 200 in 129ms (compile: 4ms, render: 125ms)
 GET /terms 200 in 103ms (compile: 7ms, render: 96ms)
 GET /terms 200 in 108ms (compile: 5ms, render: 103ms)
 GET /terms 200 in 145ms (compile: 18ms, render: 127ms)
 GET /terms 200 in 133ms (compile: 17ms, render: 116ms)
 GET /terms 200 in 89ms (compile: 6ms, render: 83ms)
 GET /terms 200 in 91ms (compile: 7ms, render: 84ms)
 GET /terms 200 in 64ms (compile: 5ms, render: 60ms)
 GET /terms 200 in 75ms (compile: 4ms, render: 71ms)
 GET /terms 200 in 63ms (compile: 3ms, render: 60ms)
 GET /terms 200 in 84ms (compile: 7ms, render: 76ms)
 GET /terms 200 in 94ms (compile: 6ms, render: 88ms)
 GET /terms 200 in 96ms (compile: 8ms, render: 88ms)
 GET /terms 200 in 84ms (compile: 8ms, render: 76ms)
 GET /terms 200 in 66ms (compile: 4ms, render: 62ms)
 GET /terms 200 in 61ms (compile: 5ms, render: 57ms)
 GET /terms 200 in 84ms (compile: 6ms, render: 78ms)
 GET /terms 200 in 71ms (compile: 5ms, render: 65ms)
 GET /terms 200 in 64ms (compile: 5ms, render: 60ms)
 GET /terms 200 in 62ms (compile: 4ms, render: 58ms)
 GET /terms 200 in 56ms (compile: 4ms, render: 52ms)
 GET /terms 200 in 52ms (compile: 3ms, render: 49ms)
 GET /auth/register 200 in 1870ms (compile: 597ms, render: 1273ms)
 ○ Compiling /privacy ...
 ○ Compiling /_error ...
 GET / 200 in 781ms (compile: 607ms, render: 174ms)
 GET /images/course-placeholder.png 404 in 6.4s (compile: 1187ms, render: 5.2s)
 GET /privacy 500 in 23.0s (compile: 20.5s, render: 2.5s)
 GET / 200 in 2.3s (compile: 1293ms, render: 1041ms)
 GET /images/course-placeholder.png 404 in 659ms (compile: 236ms, render: 423ms)
 ✓ Compiled in 6.1s
 GET / 200 in 733ms (compile: 324ms, render: 409ms)
 GET /auth/register 200 in 578ms (compile: 180ms, render: 398ms)
 GET /privacy 200 in 5.0s (compile: 4.8s, render: 172ms)
 ✓ Compiled in 900ms
 ✓ Compiled in 966ms
 ✓ Compiled in 1333ms
 GET /privacy 200 in 676ms (compile: 306ms, render: 370ms)
 GET /privacy 200 in 272ms (compile: 4ms, render: 268ms)
 GET /privacy 200 in 59ms (compile: 4ms, render: 55ms)
 GET /privacy 200 in 150ms (compile: 38ms, render: 112ms)
 GET /privacy 200 in 150ms (compile: 7ms, render: 143ms)
 GET /privacy 200 in 53ms (compile: 7ms, render: 46ms)
 GET /privacy 200 in 137ms (compile: 24ms, render: 113ms)
 GET /privacy 200 in 49ms (compile: 5ms, render: 45ms)
 GET /privacy 200 in 42ms (compile: 4ms, render: 38ms)
 GET /privacy 200 in 89ms (compile: 18ms, render: 70ms)
 GET /privacy 200 in 95ms (compile: 6ms, render: 89ms)
 GET /privacy 200 in 60ms (compile: 4ms, render: 56ms)
 GET /privacy 200 in 41ms (compile: 4ms, render: 38ms)
 GET /privacy 200 in 122ms (compile: 3ms, render: 119ms)
 GET /privacy 200 in 65ms (compile: 5ms, render: 59ms)
 GET /privacy 200 in 51ms (compile: 5ms, render: 46ms)
 GET /privacy 200 in 531ms (compile: 6ms, render: 525ms)
 GET /privacy 200 in 981ms (compile: 25ms, render: 956ms)
 GET /privacy 200 in 451ms (compile: 21ms, render: 430ms)
 GET /privacy 200 in 75ms (compile: 7ms, render: 68ms)
 GET /privacy 200 in 70ms (compile: 4ms, render: 66ms)
 GET /privacy 200 in 55ms (compile: 3ms, render: 51ms)
 GET /privacy 200 in 76ms (compile: 5ms, render: 71ms)
 GET /privacy 200 in 56ms (compile: 6ms, render: 50ms)
 GET /privacy 200 in 59ms (compile: 4ms, render: 55ms)
 GET /privacy 200 in 115ms (compile: 6ms, render: 109ms)
 GET /privacy 200 in 56ms (compile: 6ms, render: 50ms)
 GET /privacy 200 in 55ms (compile: 5ms, render: 50ms)
 GET /privacy 200 in 53ms (compile: 3ms, render: 50ms)
 GET /privacy 200 in 62ms (compile: 7ms, render: 55ms)
 GET /privacy 200 in 60ms (compile: 4ms, render: 56ms)
 GET /privacy 200 in 59ms (compile: 5ms, render: 54ms)
 GET /privacy 200 in 57ms (compile: 6ms, render: 51ms)
 GET /privacy 200 in 40ms (compile: 4ms, render: 36ms)
 GET /privacy 200 in 37ms (compile: 3ms, render: 35ms)
 GET /privacy 200 in 64ms (compile: 3ms, render: 61ms)
 GET /privacy 200 in 99ms (compile: 4ms, render: 95ms)
 GET /privacy 200 in 105ms (compile: 3ms, render: 102ms)
 GET /privacy 200 in 95ms (compile: 4ms, render: 91ms)
 GET /privacy 200 in 91ms (compile: 3ms, render: 88ms)
 GET /privacy 200 in 105ms (compile: 45ms, render: 60ms)
 GET /privacy 200 in 111ms (compile: 24ms, render: 87ms)
 GET /privacy 200 in 107ms (compile: 9ms, render: 97ms)
 GET /privacy 200 in 176ms (compile: 84ms, render: 92ms)
 GET /privacy 200 in 51ms (compile: 3ms, render: 48ms)
 GET /privacy 200 in 139ms (compile: 4ms, render: 135ms)
 GET /privacy 200 in 84ms (compile: 3ms, render: 80ms)
 GET /privacy 200 in 79ms (compile: 6ms, render: 73ms)
 GET /privacy 200 in 47ms (compile: 4ms, render: 43ms)
 GET /privacy 200 in 54ms (compile: 6ms, render: 48ms)
 GET /privacy 200 in 50ms (compile: 14ms, render: 35ms)
 GET /privacy 200 in 48ms (compile: 4ms, render: 44ms)
 GET /privacy 200 in 43ms (compile: 3ms, render: 40ms)
 GET /privacy 200 in 37ms (compile: 4ms, render: 32ms)
 GET /privacy 200 in 50ms (compile: 5ms, render: 45ms)
 GET /privacy 200 in 39ms (compile: 3ms, render: 36ms)
 GET /privacy 200 in 54ms (compile: 5ms, render: 49ms)
 GET /privacy 200 in 56ms (compile: 4ms, render: 52ms)
 GET /privacy 200 in 40ms (compile: 3ms, render: 37ms)
 GET /privacy 200 in 48ms (compile: 3ms, render: 45ms)
 GET /privacy 200 in 59ms (compile: 21ms, render: 39ms)
 GET /privacy 200 in 68ms (compile: 5ms, render: 63ms)
 GET /privacy 200 in 54ms (compile: 17ms, render: 37ms)
 GET /privacy 200 in 35ms (compile: 3ms, render: 32ms)
 GET /privacy 200 in 74ms (compile: 4ms, render: 71ms)
 GET /privacy 200 in 38ms (compile: 4ms, render: 34ms)
 GET /privacy 200 in 52ms (compile: 6ms, render: 46ms)
 GET /privacy 200 in 44ms (compile: 6ms, render: 38ms)
 GET /privacy 200 in 44ms (compile: 4ms, render: 40ms)
 GET /privacy 200 in 44ms (compile: 3ms, render: 41ms)
 GET /privacy 200 in 54ms (compile: 5ms, render: 49ms)
 GET /privacy 200 in 51ms (compile: 4ms, render: 48ms)
 GET /privacy 200 in 47ms (compile: 5ms, render: 42ms)
 GET /privacy 200 in 79ms (compile: 3ms, render: 75ms)
 GET /privacy 200 in 46ms (compile: 5ms, render: 40ms)
 GET /privacy 200 in 45ms (compile: 5ms, render: 40ms)
 GET /privacy 200 in 41ms (compile: 5ms, render: 37ms)
 GET /privacy 200 in 37ms (compile: 2ms, render: 35ms)
 GET /privacy 200 in 54ms (compile: 3ms, render: 51ms)
 GET /privacy 200 in 51ms (compile: 4ms, render: 47ms)
 GET /privacy 200 in 52ms (compile: 4ms, render: 48ms)
 GET /privacy 200 in 58ms (compile: 4ms, render: 54ms)
 GET /privacy 200 in 59ms (compile: 6ms, render: 54ms)
 GET /privacy 200 in 51ms (compile: 8ms, render: 43ms)
 GET /privacy 200 in 39ms (compile: 2ms, render: 37ms)
 GET /privacy 200 in 45ms (compile: 4ms, render: 41ms)
 GET /privacy 200 in 48ms (compile: 3ms, render: 45ms)
 GET /privacy 200 in 62ms (compile: 4ms, render: 58ms)
 GET /privacy 200 in 46ms (compile: 3ms, render: 42ms)
 GET /privacy 200 in 56ms (compile: 3ms, render: 52ms)
 GET /privacy 200 in 45ms (compile: 5ms, render: 40ms)
 GET /privacy 200 in 39ms (compile: 3ms, render: 35ms)
 GET /privacy 200 in 49ms (compile: 3ms, render: 46ms)
 GET /privacy 200 in 38ms (compile: 4ms, render: 35ms)
 GET /privacy 200 in 57ms (compile: 4ms, render: 53ms)
 GET /privacy 200 in 41ms (compile: 5ms, render: 36ms)
 GET /privacy 200 in 119ms (compile: 3ms, render: 115ms)
 ✓ Compiled in 1015ms
 GET /privacy 200 in 1134ms (compile: 1048ms, render: 87ms)
 GET /privacy 200 in 66ms (compile: 5ms, render: 61ms)
 GET /privacy 200 in 52ms (compile: 3ms, render: 49ms)
 GET /privacy 200 in 60ms (compile: 8ms, render: 52ms)
 GET /privacy 200 in 49ms (compile: 4ms, render: 45ms)
 GET /privacy 200 in 58ms (compile: 4ms, render: 54ms)
 GET /privacy 200 in 63ms (compile: 5ms, render: 58ms)
 GET /privacy 200 in 60ms (compile: 5ms, render: 54ms)
 GET /privacy 200 in 49ms (compile: 4ms, render: 45ms)
 GET /privacy 200 in 73ms (compile: 3ms, render: 70ms)
 GET /privacy 200 in 62ms (compile: 4ms, render: 58ms)
 GET /privacy 200 in 44ms (compile: 4ms, render: 40ms)
 GET /privacy 200 in 35ms (compile: 3ms, render: 31ms)
 GET /privacy 200 in 55ms (compile: 14ms, render: 40ms)
 GET /privacy 200 in 35ms (compile: 3ms, render: 33ms)
 GET /privacy 200 in 70ms (compile: 2ms, render: 67ms)
 GET /privacy 200 in 33ms (compile: 3ms, render: 30ms)
 GET /privacy 200 in 49ms (compile: 4ms, render: 45ms)
 GET /privacy 200 in 52ms (compile: 4ms, render: 48ms)
 GET /privacy 200 in 38ms (compile: 4ms, render: 34ms)
 GET /privacy 200 in 40ms (compile: 4ms, render: 36ms)
 GET /privacy 200 in 105ms (compile: 6ms, render: 99ms)
 GET /privacy 200 in 39ms (compile: 3ms, render: 36ms)
 GET /privacy 200 in 47ms (compile: 3ms, render: 45ms)
 GET /privacy 200 in 38ms (compile: 3ms, render: 35ms)
 GET /privacy 200 in 50ms (compile: 4ms, render: 46ms)
 GET /privacy 200 in 35ms (compile: 3ms, render: 32ms)
 GET /privacy 200 in 111ms (compile: 6ms, render: 105ms)
 GET /privacy 404 in 202ms (compile: 156ms, render: 47ms)
 GET /privacy 404 in 54ms (compile: 6ms, render: 47ms)
 GET /privacy 404 in 33ms (compile: 7ms, render: 26ms)
 GET /privacy 404 in 37ms (compile: 6ms, render: 32ms)
 GET /privacy 404 in 27ms (compile: 7ms, render: 20ms)
 GET /privacy 404 in 56ms (compile: 4ms, render: 52ms)
 GET /privacy 404 in 41ms (compile: 9ms, render: 33ms)
 GET /privacy 404 in 58ms (compile: 7ms, render: 51ms)
 GET /privacy 404 in 75ms (compile: 10ms, render: 65ms)
 GET /privacy 404 in 93ms (compile: 8ms, render: 85ms)
 GET /privacy 404 in 114ms (compile: 9ms, render: 104ms)
 GET /privacy 404 in 241ms (compile: 12ms, render: 229ms)
 GET /privacy 404 in 209ms (compile: 12ms, render: 196ms)
 GET /privacy 404 in 51ms (compile: 7ms, render: 44ms)
 GET /privacy 404 in 25ms (compile: 4ms, render: 22ms)
 GET /privacy 404 in 28ms (compile: 6ms, render: 22ms)
 GET /privacy 404 in 26ms (compile: 5ms, render: 21ms)
 GET /privacy 404 in 48ms (compile: 6ms, render: 42ms)
 GET /privacy 404 in 27ms (compile: 4ms, render: 23ms)
 GET /privacy 404 in 27ms (compile: 6ms, render: 21ms)
 GET /privacy 404 in 24ms (compile: 6ms, render: 18ms)
 GET /privacy 404 in 51ms (compile: 5ms, render: 46ms)
 GET /privacy 404 in 50ms (compile: 10ms, render: 40ms)
 GET /privacy 404 in 26ms (compile: 5ms, render: 21ms)
 GET /privacy 404 in 43ms (compile: 5ms, render: 39ms)
 GET /privacy 404 in 29ms (compile: 5ms, render: 25ms)
 GET /privacy 404 in 36ms (compile: 6ms, render: 30ms)
 GET /privacy 404 in 28ms (compile: 7ms, render: 22ms)
 GET /privacy 404 in 77ms (compile: 55ms, render: 22ms)
 GET /privacy 404 in 43ms (compile: 25ms, render: 18ms)
 GET /privacy 404 in 51ms (compile: 31ms, render: 20ms)
 GET /privacy 404 in 41ms (compile: 5ms, render: 36ms)
 GET /privacy 404 in 144ms (compile: 4ms, render: 139ms)
 GET /privacy 404 in 94ms (compile: 7ms, render: 86ms)
 GET /privacy 404 in 78ms (compile: 5ms, render: 73ms)
 GET /privacy 404 in 71ms (compile: 8ms, render: 62ms)
 GET /privacy 404 in 91ms (compile: 4ms, render: 87ms)
 GET /privacy 404 in 55ms (compile: 4ms, render: 51ms)
 GET /privacy 404 in 76ms (compile: 37ms, render: 39ms)
 GET /privacy 404 in 58ms (compile: 4ms, render: 54ms)
 GET /privacy 404 in 71ms (compile: 52ms, render: 19ms)
 GET /privacy 404 in 96ms (compile: 29ms, render: 67ms)
 GET /privacy 404 in 97ms (compile: 8ms, render: 89ms)
 GET /privacy 404 in 116ms (compile: 4ms, render: 112ms)
 GET /privacy 404 in 58ms (compile: 7ms, render: 51ms)
 GET /privacy 404 in 77ms (compile: 41ms, render: 35ms)
 GET /privacy 404 in 54ms (compile: 4ms, render: 49ms)
 GET /privacy 404 in 28ms (compile: 8ms, render: 20ms)
 GET /privacy 404 in 50ms (compile: 4ms, render: 46ms)
 GET /privacy 404 in 95ms (compile: 7ms, render: 87ms)
 GET /privacy 404 in 90ms (compile: 4ms, render: 86ms)
 GET /privacy 404 in 62ms (compile: 4ms, render: 58ms)
 GET /privacy 404 in 125ms (compile: 50ms, render: 74ms)
 GET /privacy 404 in 77ms (compile: 4ms, render: 74ms)
 GET /privacy 404 in 95ms (compile: 51ms, render: 44ms)
 GET /privacy 404 in 110ms (compile: 4ms, render: 106ms)
 GET /privacy 404 in 93ms (compile: 6ms, render: 88ms)
 GET /privacy 404 in 98ms (compile: 57ms, render: 41ms)
 GET /privacy 404 in 61ms (compile: 6ms, render: 55ms)
 GET /privacy 404 in 105ms (compile: 51ms, render: 54ms)
 GET /privacy 404 in 85ms (compile: 61ms, render: 24ms)
 GET /privacy 404 in 29ms (compile: 11ms, render: 18ms)
 GET /privacy 404 in 23ms (compile: 5ms, render: 18ms)
 GET /privacy 404 in 100ms (compile: 37ms, render: 63ms)
 GET /privacy 404 in 175ms (compile: 6ms, render: 169ms)
 GET /privacy 404 in 170ms (compile: 5ms, render: 165ms)
 GET /privacy 404 in 133ms (compile: 5ms, render: 128ms)
 GET /privacy 404 in 79ms (compile: 5ms, render: 73ms)
 GET /privacy 404 in 163ms (compile: 4ms, render: 159ms)
 GET /privacy 404 in 150ms (compile: 4ms, render: 146ms)
 GET /privacy 404 in 83ms (compile: 31ms, render: 52ms)
 GET /privacy 404 in 54ms (compile: 4ms, render: 50ms)
 GET /privacy 404 in 85ms (compile: 37ms, render: 48ms)
 GET /privacy 404 in 95ms (compile: 5ms, render: 90ms)
 GET /privacy 404 in 64ms (compile: 11ms, render: 53ms)
 GET /privacy 404 in 84ms (compile: 48ms, render: 37ms)
 GET /privacy 404 in 77ms (compile: 4ms, render: 73ms)
 GET /privacy 404 in 133ms (compile: 6ms, render: 128ms)
 GET /privacy 404 in 131ms (compile: 4ms, render: 127ms)
 GET /privacy 404 in 46ms (compile: 6ms, render: 41ms)
 GET /privacy 404 in 54ms (compile: 5ms, render: 50ms)
 GET /privacy 404 in 63ms (compile: 6ms, render: 57ms)
 GET /privacy 404 in 41ms (compile: 7ms, render: 34ms)
 GET /privacy 404 in 35ms (compile: 4ms, render: 30ms)
 GET /privacy 404 in 28ms (compile: 6ms, render: 22ms)
 GET /privacy 404 in 25ms (compile: 4ms, render: 20ms)
 GET /privacy 404 in 58ms (compile: 7ms, render: 52ms)
 GET /privacy 404 in 58ms (compile: 11ms, render: 48ms)
 GET /privacy 404 in 62ms (compile: 4ms, render: 57ms)
 GET /privacy 404 in 29ms (compile: 7ms, render: 22ms)
 GET /privacy 404 in 65ms (compile: 5ms, render: 59ms)
 GET /privacy 404 in 79ms (compile: 12ms, render: 68ms)
 GET /privacy 404 in 64ms (compile: 7ms, render: 57ms)
 GET /privacy 404 in 31ms (compile: 4ms, render: 27ms)
 GET /privacy 404 in 55ms (compile: 8ms, render: 47ms)
 GET /privacy 404 in 55ms (compile: 5ms, render: 50ms)
 GET /privacy 404 in 52ms (compile: 4ms, render: 48ms)
 GET /privacy 404 in 32ms (compile: 5ms, render: 27ms)
 GET /privacy 404 in 66ms (compile: 6ms, render: 60ms)
 GET /privacy 404 in 92ms (compile: 21ms, render: 71ms)
 GET /privacy 404 in 53ms (compile: 5ms, render: 48ms)
 GET /privacy 404 in 54ms (compile: 5ms, render: 49ms)
 GET /privacy 404 in 64ms (compile: 8ms, render: 56ms)
 GET /privacy 404 in 70ms (compile: 5ms, render: 65ms)
 GET /privacy 404 in 60ms (compile: 6ms, render: 54ms)
 GET /privacy 404 in 46ms (compile: 5ms, render: 41ms)
 GET /privacy 404 in 48ms (compile: 5ms, render: 44ms)
 GET /privacy 404 in 55ms (compile: 5ms, render: 50ms)
 GET /privacy 404 in 81ms (compile: 4ms, render: 78ms)
 GET /privacy 404 in 64ms (compile: 21ms, render: 42ms)
 GET /privacy 404 in 50ms (compile: 5ms, render: 45ms)
 GET /privacy 404 in 55ms (compile: 5ms, render: 50ms)
 GET /privacy 404 in 72ms (compile: 7ms, render: 66ms)
 GET /privacy 404 in 73ms (compile: 15ms, render: 58ms)
 GET /privacy 404 in 58ms (compile: 5ms, render: 53ms)
 GET /privacy 404 in 53ms (compile: 6ms, render: 47ms)
 GET /privacy 404 in 59ms (compile: 5ms, render: 54ms)
 GET /privacy 404 in 62ms (compile: 7ms, render: 55ms)
 GET /privacy 404 in 28ms (compile: 6ms, render: 23ms)
 GET /privacy 404 in 59ms (compile: 7ms, render: 51ms)
 GET /privacy 404 in 36ms (compile: 6ms, render: 30ms)
 GET /privacy 404 in 37ms (compile: 6ms, render: 32ms)
 GET /privacy 404 in 61ms (compile: 8ms, render: 54ms)
 GET /privacy 404 in 62ms (compile: 5ms, render: 57ms)
 GET /privacy 404 in 36ms (compile: 5ms, render: 31ms)
 GET /privacy 404 in 45ms (compile: 6ms, render: 40ms)
 GET /privacy 404 in 55ms (compile: 5ms, render: 50ms)
 GET /privacy 404 in 50ms (compile: 6ms, render: 44ms)
 GET /privacy 404 in 50ms (compile: 5ms, render: 45ms)
 GET /privacy 404 in 59ms (compile: 4ms, render: 54ms)
 GET /privacy 404 in 61ms (compile: 7ms, render: 53ms)
 GET /privacy 404 in 62ms (compile: 6ms, render: 56ms)
 GET /privacy 404 in 53ms (compile: 7ms, render: 46ms)
 GET /privacy 404 in 52ms (compile: 6ms, render: 46ms)
 GET /privacy 404 in 32ms (compile: 5ms, render: 27ms)
 GET /privacy 404 in 54ms (compile: 5ms, render: 48ms)
 GET /privacy 404 in 51ms (compile: 5ms, render: 46ms)
 GET /privacy 404 in 32ms (compile: 5ms, render: 27ms)
 GET /privacy 404 in 52ms (compile: 6ms, render: 46ms)
 GET /privacy 404 in 58ms (compile: 7ms, render: 51ms)
 GET /privacy 404 in 55ms (compile: 11ms, render: 44ms)
 GET /privacy 404 in 48ms (compile: 4ms, render: 44ms)
 GET /privacy 404 in 57ms (compile: 4ms, render: 53ms)
 GET /privacy 404 in 57ms (compile: 5ms, render: 52ms)
 GET /privacy 404 in 64ms (compile: 7ms, render: 57ms)
 GET /privacy 404 in 58ms (compile: 4ms, render: 54ms)
 GET /privacy 404 in 63ms (compile: 6ms, render: 57ms)
 GET /privacy 404 in 66ms (compile: 7ms, render: 58ms)
 GET /privacy 404 in 38ms (compile: 6ms, render: 32ms)
 GET /privacy 404 in 50ms (compile: 6ms, render: 44ms)
 GET /privacy 404 in 49ms (compile: 6ms, render: 43ms)
 GET /privacy 404 in 49ms (compile: 4ms, render: 45ms)
 GET /privacy 404 in 63ms (compile: 6ms, render: 58ms)
 GET /privacy 404 in 63ms (compile: 17ms, render: 46ms)
 GET /privacy 404 in 46ms (compile: 4ms, render: 42ms)
 GET /privacy 404 in 52ms (compile: 4ms, render: 47ms)
 GET /privacy 404 in 64ms (compile: 5ms, render: 59ms)
 GET /privacy 404 in 63ms (compile: 7ms, render: 56ms)
 GET /privacy 404 in 49ms (compile: 5ms, render: 44ms)
 GET /privacy 404 in 49ms (compile: 5ms, render: 43ms)
 GET /privacy 404 in 50ms (compile: 4ms, render: 45ms)
 GET /privacy 404 in 63ms (compile: 6ms, render: 57ms)
 GET /privacy 404 in 82ms (compile: 15ms, render: 67ms)
 GET /privacy 404 in 62ms (compile: 8ms, render: 55ms)
 GET /privacy 404 in 51ms (compile: 7ms, render: 44ms)
 GET /privacy 404 in 56ms (compile: 4ms, render: 53ms)
 GET /privacy 404 in 58ms (compile: 4ms, render: 53ms)
 GET /privacy 404 in 60ms (compile: 4ms, render: 56ms)
 GET /privacy 404 in 61ms (compile: 17ms, render: 44ms)
 GET /privacy 404 in 28ms (compile: 4ms, render: 24ms)
 GET /privacy 404 in 62ms (compile: 7ms, render: 55ms)
 GET /privacy 404 in 58ms (compile: 6ms, render: 52ms)
 GET /privacy 404 in 52ms (compile: 7ms, render: 45ms)
 GET /privacy 404 in 31ms (compile: 4ms, render: 26ms)
 GET /privacy 404 in 59ms (compile: 5ms, render: 54ms)
 GET /privacy 404 in 70ms (compile: 20ms, render: 50ms)
 GET /privacy 404 in 34ms (compile: 5ms, render: 29ms)
 GET /privacy 404 in 52ms (compile: 6ms, render: 46ms)
 GET /privacy 404 in 30ms (compile: 5ms, render: 25ms)
 GET /privacy 404 in 85ms (compile: 9ms, render: 76ms)
 GET /privacy 404 in 67ms (compile: 7ms, render: 60ms)
 GET /privacy 404 in 55ms (compile: 4ms, render: 51ms)
 GET /privacy 404 in 48ms (compile: 5ms, render: 42ms)
 GET /privacy 404 in 36ms (compile: 4ms, render: 32ms)
 GET /privacy 404 in 29ms (compile: 7ms, render: 22ms)
 GET /privacy 404 in 28ms (compile: 5ms, render: 23ms)
 GET /privacy 404 in 47ms (compile: 6ms, render: 41ms)
 GET /privacy 404 in 55ms (compile: 4ms, render: 50ms)
 GET /privacy 404 in 55ms (compile: 12ms, render: 43ms)
 GET /privacy 404 in 48ms (compile: 6ms, render: 42ms)
 GET /privacy 404 in 48ms (compile: 5ms, render: 44ms)
 GET /privacy 404 in 28ms (compile: 5ms, render: 24ms)
 GET /privacy 404 in 34ms (compile: 5ms, render: 29ms)
 GET /privacy 404 in 59ms (compile: 7ms, render: 53ms)
 GET /privacy 404 in 53ms (compile: 5ms, render: 48ms)
 GET /privacy 404 in 52ms (compile: 5ms, render: 47ms)
 GET /privacy 404 in 64ms (compile: 7ms, render: 56ms)
 GET /privacy 404 in 56ms (compile: 14ms, render: 41ms)
 GET /privacy 404 in 30ms (compile: 6ms, render: 24ms)
 GET /privacy 404 in 49ms (compile: 5ms, render: 44ms)
 GET /privacy 404 in 54ms (compile: 5ms, render: 49ms)
 GET /privacy 404 in 58ms (compile: 6ms, render: 52ms)
 GET /privacy 404 in 31ms (compile: 4ms, render: 27ms)
 GET /privacy 404 in 47ms (compile: 5ms, render: 41ms)
 GET /privacy 404 in 57ms (compile: 5ms, render: 52ms)
 GET /privacy 404 in 59ms (compile: 4ms, render: 55ms)
 GET /privacy 404 in 48ms (compile: 4ms, render: 44ms)
 GET /privacy 404 in 50ms (compile: 5ms, render: 45ms)
 GET /privacy 404 in 50ms (compile: 5ms, render: 45ms)
 GET /privacy 404 in 74ms (compile: 4ms, render: 71ms)
 GET /privacy 404 in 71ms (compile: 7ms, render: 63ms)
 GET /privacy 404 in 58ms (compile: 6ms, render: 52ms)
 GET /privacy 404 in 36ms (compile: 5ms, render: 31ms)
 GET /privacy 404 in 31ms (compile: 6ms, render: 25ms)
 GET /privacy 404 in 54ms (compile: 7ms, render: 48ms)
 GET /privacy 404 in 48ms (compile: 5ms, render: 42ms)
 GET /privacy 404 in 47ms (compile: 5ms, render: 42ms)
 GET /privacy 404 in 48ms (compile: 5ms, render: 43ms)
 GET /privacy 404 in 56ms (compile: 4ms, render: 51ms)
 GET /privacy 404 in 55ms (compile: 4ms, render: 52ms)
 GET /privacy 404 in 46ms (compile: 6ms, render: 41ms)
 GET /privacy 404 in 27ms (compile: 4ms, render: 23ms)
 GET /privacy 404 in 27ms (compile: 5ms, render: 21ms)
 GET /privacy 404 in 56ms (compile: 6ms, render: 50ms)
 GET /privacy 404 in 46ms (compile: 4ms, render: 42ms)
 GET /privacy 404 in 48ms (compile: 4ms, render: 43ms)
 GET /privacy 404 in 52ms (compile: 5ms, render: 47ms)
 GET /privacy 404 in 68ms (compile: 5ms, render: 63ms)
 GET /privacy 404 in 78ms (compile: 13ms, render: 65ms)
 GET /privacy 404 in 63ms (compile: 8ms, render: 55ms)
 GET /privacy 404 in 51ms (compile: 7ms, render: 44ms)
 GET /privacy 404 in 28ms (compile: 4ms, render: 24ms)
 GET /privacy 404 in 34ms (compile: 5ms, render: 29ms)
 GET /privacy 404 in 56ms (compile: 6ms, render: 50ms)
 GET /privacy 404 in 29ms (compile: 4ms, render: 24ms)
 GET /privacy 404 in 49ms (compile: 6ms, render: 43ms)
 GET /privacy 404 in 63ms (compile: 5ms, render: 58ms)
 GET /privacy 404 in 36ms (compile: 6ms, render: 30ms)
 GET /privacy 404 in 28ms (compile: 7ms, render: 22ms)
 GET /privacy 404 in 50ms (compile: 3ms, render: 46ms)
 GET /privacy 404 in 30ms (compile: 6ms, render: 23ms)
 GET /privacy 404 in 63ms (compile: 6ms, render: 56ms)
 GET /privacy 404 in 57ms (compile: 8ms, render: 49ms)
 GET /privacy 404 in 71ms (compile: 6ms, render: 65ms)
 GET /privacy 404 in 43ms (compile: 5ms, render: 38ms)
 GET /privacy 404 in 36ms (compile: 6ms, render: 30ms)
 GET /privacy 404 in 71ms (compile: 29ms, render: 42ms)
 GET /privacy 404 in 30ms (compile: 5ms, render: 25ms)
 GET /privacy 404 in 52ms (compile: 6ms, render: 45ms)
 GET /privacy 404 in 49ms (compile: 5ms, render: 44ms)
 GET /privacy 404 in 64ms (compile: 5ms, render: 58ms)
 GET /privacy 404 in 53ms (compile: 8ms, render: 46ms)
 GET /privacy 404 in 29ms (compile: 5ms, render: 25ms)
 GET /privacy 404 in 49ms (compile: 6ms, render: 43ms)
 GET /privacy 404 in 57ms (compile: 6ms, render: 52ms)
 GET /privacy 404 in 50ms (compile: 5ms, render: 45ms)
 GET /privacy 404 in 33ms (compile: 4ms, render: 29ms)
 GET /privacy 404 in 67ms (compile: 16ms, render: 51ms)
 GET /privacy 404 in 81ms (compile: 5ms, render: 76ms)
 GET /privacy 404 in 84ms (compile: 8ms, render: 76ms)
 GET /privacy 404 in 64ms (compile: 8ms, render: 56ms)
 GET /privacy 404 in 51ms (compile: 7ms, render: 44ms)
 GET /privacy 404 in 30ms (compile: 4ms, render: 26ms)
 GET /privacy 404 in 56ms (compile: 6ms, render: 50ms)
 GET /privacy 404 in 52ms (compile: 5ms, render: 47ms)
 GET /privacy 404 in 49ms (compile: 5ms, render: 44ms)
 GET /privacy 404 in 50ms (compile: 4ms, render: 45ms)
 GET /privacy 404 in 59ms (compile: 6ms, render: 54ms)
 GET /privacy 404 in 58ms (compile: 5ms, render: 53ms)
 GET /privacy 404 in 31ms (compile: 4ms, render: 27ms)
 GET /privacy 404 in 26ms (compile: 6ms, render: 20ms)
 GET /privacy 404 in 336ms (compile: 4ms, render: 332ms)
 GET /privacy 200 in 5.0s (compile: 2.4s, render: 2.5s)
 GET / 200 in 700ms (compile: 299ms, render: 401ms)
 GET /auth/register 200 in 717ms (compile: 609ms, render: 108ms)
 GET /images/course-placeholder.png 404 in 3.0s (compile: 224ms, render: 2.8s)
 GET /auth/register 200 in 1380ms (compile: 296ms, render: 1084ms)
 GET /terms 200 in 1714ms (compile: 1640ms, render: 74ms)
 GET /privacy 200 in 252ms (compile: 24ms, render: 228ms)
 GET /auth/login 200 in 393ms (compile: 288ms, render: 104ms)
 GET /auth/login 200 in 1155ms (compile: 198ms, render: 957ms)
 GET /trainer/dashboard 200 in 832ms (compile: 683ms, render: 149ms)
 GET /trainer/students 200 in 3.5s (compile: 3.5s, render: 53ms)
 GET / 200 in 344ms (compile: 60ms, render: 283ms)
 GET /images/course-placeholder.png 404 in 2.3s (compile: 238ms, render: 2.1s)
 GET /auth/login 200 in 381ms (compile: 66ms, render: 315ms)
 GET /student/dashboard 200 in 970ms (compile: 550ms, render: 421ms)
 ○ Compiling /student/my-courses ...
 GET /student/my-courses 200 in 12.9s (compile: 12.7s, render: 222ms)
 ○ Compiling /student/courses/[id] ...
 GET /student/courses/f6c325b8-532c-4941-ae27-266d84622973 200 in 10.3s (compile: 10.0s, render: 280ms)
 GET /student/my-courses 200 in 480ms (compile: 50ms, render: 430ms)
 GET /images/avatar-placeholder.png 404 in 1105ms (compile: 35ms, render: 1070ms)
 GET /student/explore/course/f76b6323-c152-4b17-a4ce-fbae7efb5837 200 in 635ms (compile: 519ms, render: 116ms)
 ✓ Compiled in 1081ms
 ✓ Compiled in 935ms
 ✓ Compiled in 784ms
 GET /student/explore/course/f76b6323-c152-4b17-a4ce-fbae7efb5837 200 in 514ms (compile: 379ms, render: 136ms)
 ✓ Compiled in 1149ms
 GET /student/explore/course/f76b6323-c152-4b17-a4ce-fbae7efb5837 200 in 371ms (compile: 25ms, render: 345ms)
 GET /student/explore/course/f76b6323-c152-4b17-a4ce-fbae7efb5837 200 in 2.1s (compile: 160ms, render: 1969ms)
 ✓ Compiled in 2.8s
 GET /student/explore/course/f76b6323-c152-4b17-a4ce-fbae7efb5837 200 in 187ms (compile: 46ms, render: 141ms)
 GET /student/explore/course/f76b6323-c152-4b17-a4ce-fbae7efb5837 200 in 2.0s (compile: 740ms, render: 1297ms)
 GET /student/explore/course/f76b6323-c152-4b17-a4ce-fbae7efb5837 200 in 887ms (compile: 552ms, render: 335ms)
 GET /student/explore/course/f76b6323-c152-4b17-a4ce-fbae7efb5837 200 in 945ms (compile: 83ms, render: 862ms)
 GET /student/explore/course/f76b6323-c152-4b17-a4ce-fbae7efb5837 200 in 1890ms (compile: 480ms, render: 1410ms)
 ○ Compiling /student/profile ...
 GET / 200 in 1086ms (compile: 874ms, render: 211ms)
 GET /images/course-placeholder.png 404 in 13.2s (compile: 839ms, render: 12.4s)
 GET /student/profile 200 in 22.7s (compile: 14.9s, render: 7.8s)
 GET /auth/login 200 in 6.7s (compile: 5.3s, render: 1460ms)
 GET /student/dashboard 200 in 7.1s (compile: 2.1s, render: 5.0s)
 GET /student/courses 200 in 2.3s (compile: 2.1s, render: 227ms)
 ✓ Compiled in 4.9s
 GET /student/courses 200 in 2.3s (compile: 1050ms, render: 1269ms)
 GET /student/explore/course/c9b05c05-3b5e-4df0-b40e-bb454e6ea3ce 200 in 810ms (compile: 340ms, render: 470ms)
 GET /student/courses 200 in 161ms (compile: 45ms, render: 115ms)
 GET / 200 in 218ms (compile: 75ms, render: 143ms)
 GET /images/course-placeholder.png 404 in 456ms (compile: 43ms, render: 414ms)
 GET /auth/login 200 in 151ms (compile: 54ms, render: 97ms)
 GET /auth/register 200 in 1132ms (compile: 923ms, render: 209ms)
 GET /auth/register 200 in 120ms (compile: 24ms, render: 96ms)
 GET /auth/login 200 in 147ms (compile: 53ms, render: 94ms)
 GET /student/dashboard 200 in 195ms (compile: 51ms, render: 144ms)
 GET /student/my-courses 200 in 417ms (compile: 329ms, render: 88ms)
 GET /images/avatar-placeholder.png 404 in 344ms (compile: 49ms, render: 295ms)
 GET /student/explore/course/f76b6323-c152-4b17-a4ce-fbae7efb5837 200 in 200ms (compile: 85ms, render: 115ms)
 GET /student/courses/6141ec99-9432-42d6-8646-c41ab4f750c6 200 in 345ms (compile: 297ms, render: 48ms)
 GET /student/my-courses 200 in 53ms (compile: 7ms, render: 46ms)
 GET /student/dashboard 200 in 89ms (compile: 9ms, render: 80ms)
 GET /student/profile 200 in 484ms (compile: 195ms, render: 288ms)
 GET /student/my-courses 200 in 175ms (compile: 48ms, render: 127ms)
 GET /images/avatar-placeholder.png 404 in 886ms (compile: 67ms, render: 820ms)
 GET /student/courses 200 in 179ms (compile: 110ms, render: 69ms)
 ○ Compiling /student/notifications ...
 GET /student/notifications 200 in 6.5s (compile: 6.2s, render: 254ms)
 GET /student/courses 200 in 197ms (compile: 36ms, render: 161ms)
 GET /student/explore/course/1e293334-7fe0-4b6c-8b85-19f1c028d455 200 in 346ms (compile: 178ms, render: 167ms)
 GET / 200 in 211ms (compile: 71ms, render: 140ms)
 GET /images/course-placeholder.png 404 in 554ms (compile: 66ms, render: 488ms)
 GET /auth/login 200 in 137ms (compile: 28ms, render: 108ms)
 GET /trainer/dashboard 200 in 489ms (compile: 438ms, render: 51ms)
 GET /trainer/profile 200 in 890ms (compile: 775ms, render: 115ms)
 GET /trainer/courses 200 in 412ms (compile: 333ms, render: 78ms)
 ○ Compiling /trainer/courses/create ...
 GET /trainer/courses/create 200 in 4.2s (compile: 4.1s, render: 64ms)
 GET /trainer/students 200 in 3.3s (compile: 3.2s, render: 71ms)
 GET /trainer/announcements 200 in 1991ms (compile: 1939ms, render: 52ms)
 GET /trainer/halls 200 in 1025ms (compile: 947ms, render: 78ms)
 GET / 200 in 140ms (compile: 39ms, render: 101ms)
 GET /images/course-placeholder.png 404 in 313ms (compile: 33ms, render: 280ms)
 GET /auth/login 200 in 75ms (compile: 12ms, render: 62ms)
 GET /student/dashboard 200 in 176ms (compile: 38ms, render: 139ms)
 GET / 200 in 95ms (compile: 8ms, render: 87ms)
 GET /images/course-placeholder.png 404 in 172ms (compile: 11ms, render: 160ms)
 GET /auth/login 200 in 74ms (compile: 8ms, render: 66ms)
 GET /institute/dashboard 200 in 1346ms (compile: 266ms, render: 1081ms)
 GET / 200 in 75ms (compile: 13ms, render: 62ms)
 GET /images/course-placeholder.png 404 in 80ms (compile: 8ms, render: 72ms)
 GET /auth/login 200 in 56ms (compile: 13ms, render: 43ms)
 GET /institute/dashboard 200 in 43ms (compile: 7ms, render: 35ms)
 GET /institute/profile 200 in 2.2s (compile: 2.1s, render: 38ms)
